<?xml version="1.0" encoding="UTF-8"?>
<coverage generated="1620840899">
  <project timestamp="1620840899">
    <file name="/home/tyler/Development/Github/laravel-shopify/src/ShopifyApp/Actions/ActivatePlan.php">
      <class name="Osiset\ShopifyApp\Actions\ActivatePlan" namespace="global">
        <metrics complexity="5" methods="2" coveredmethods="2" conditionals="0" coveredconditionals="0" statements="27" coveredstatements="27" elements="29" coveredelements="29"/>
      </class>
      <line num="79" type="method" name="__construct" visibility="public" complexity="1" crap="1" count="1"/>
      <line num="87" type="stmt" count="1"/>
      <line num="88" type="stmt" count="1"/>
      <line num="89" type="stmt" count="1"/>
      <line num="90" type="stmt" count="1"/>
      <line num="91" type="stmt" count="1"/>
      <line num="92" type="stmt" count="1"/>
      <line num="93" type="stmt" count="1"/>
      <line num="105" type="method" name="__invoke" visibility="public" complexity="4" crap="4" count="1"/>
      <line num="108" type="stmt" count="1"/>
      <line num="111" type="stmt" count="1"/>
      <line num="112" type="stmt" count="1"/>
      <line num="115" type="stmt" count="1"/>
      <line num="118" type="stmt" count="1"/>
      <line num="121" type="stmt" count="1"/>
      <line num="124" type="stmt" count="1"/>
      <line num="125" type="stmt" count="1"/>
      <line num="126" type="stmt" count="1"/>
      <line num="127" type="stmt" count="1"/>
      <line num="128" type="stmt" count="1"/>
      <line num="129" type="stmt" count="1"/>
      <line num="130" type="stmt" count="1"/>
      <line num="131" type="stmt" count="1"/>
      <line num="132" type="stmt" count="1"/>
      <line num="133" type="stmt" count="1"/>
      <line num="134" type="stmt" count="1"/>
      <line num="137" type="stmt" count="1"/>
      <line num="138" type="stmt" count="1"/>
      <line num="140" type="stmt" count="1"/>
      <metrics loc="142" ncloc="87" classes="1" methods="2" coveredmethods="2" conditionals="0" coveredconditionals="0" statements="27" coveredstatements="27" elements="29" coveredelements="29"/>
    </file>
    <file name="/home/tyler/Development/Github/laravel-shopify/src/ShopifyApp/Actions/ActivateUsageCharge.php">
      <class name="Osiset\ShopifyApp\Actions\ActivateUsageCharge" namespace="global">
        <metrics complexity="4" methods="2" coveredmethods="2" conditionals="0" coveredconditionals="0" statements="19" coveredstatements="19" elements="21" coveredelements="21"/>
      </class>
      <line num="52" type="method" name="__construct" visibility="public" complexity="1" crap="1" count="3"/>
      <line num="57" type="stmt" count="3"/>
      <line num="58" type="stmt" count="3"/>
      <line num="59" type="stmt" count="3"/>
      <line num="60" type="stmt" count="3"/>
      <line num="73" type="method" name="__invoke" visibility="public" complexity="3" crap="3" count="3"/>
      <line num="76" type="stmt" count="3"/>
      <line num="79" type="stmt" count="3"/>
      <line num="80" type="stmt" count="3"/>
      <line num="81" type="stmt" count="1"/>
      <line num="85" type="stmt" count="2"/>
      <line num="86" type="stmt" count="2"/>
      <line num="87" type="stmt" count="2"/>
      <line num="89" type="stmt" count="1"/>
      <line num="93" type="stmt" count="1"/>
      <line num="94" type="stmt" count="1"/>
      <line num="95" type="stmt" count="1"/>
      <line num="96" type="stmt" count="1"/>
      <line num="97" type="stmt" count="1"/>
      <line num="98" type="stmt" count="1"/>
      <line num="101" type="stmt" count="1"/>
      <metrics loc="103" ncloc="65" classes="1" methods="2" coveredmethods="2" conditionals="0" coveredconditionals="0" statements="19" coveredstatements="19" elements="21" coveredelements="21"/>
    </file>
    <file name="/home/tyler/Development/Github/laravel-shopify/src/ShopifyApp/Actions/AfterAuthorize.php">
      <class name="Osiset\ShopifyApp\Actions\AfterAuthorize" namespace="global">
        <metrics complexity="6" methods="2" coveredmethods="1" conditionals="0" coveredconditionals="0" statements="19" coveredstatements="18" elements="21" coveredelements="19"/>
      </class>
      <line num="30" type="method" name="__construct" visibility="public" complexity="1" crap="1" count="6"/>
      <line num="32" type="stmt" count="6"/>
      <line num="33" type="stmt" count="6"/>
      <line num="43" type="method" name="__invoke" visibility="public" complexity="5" crap="5.01" count="4"/>
      <line num="53" type="stmt" count="4"/>
      <line num="54" type="stmt" count="2"/>
      <line num="55" type="stmt" count="2"/>
      <line num="57" type="stmt" count="0"/>
      <line num="60" type="stmt" count="2"/>
      <line num="61" type="stmt" count="2"/>
      <line num="64" type="stmt" count="2"/>
      <line num="65" type="stmt" count="4"/>
      <line num="68" type="stmt" count="4"/>
      <line num="71" type="stmt" count="4"/>
      <line num="72" type="stmt" count="4"/>
      <line num="74" type="stmt" count="1"/>
      <line num="76" type="stmt" count="1"/>
      <line num="79" type="stmt" count="1"/>
      <line num="80" type="stmt" count="3"/>
      <line num="82" type="stmt" count="1"/>
      <line num="85" type="stmt" count="2"/>
      <metrics loc="88" ncloc="65" classes="1" methods="2" coveredmethods="1" conditionals="0" coveredconditionals="0" statements="19" coveredstatements="18" elements="21" coveredelements="19"/>
    </file>
    <file name="/home/tyler/Development/Github/laravel-shopify/src/ShopifyApp/Actions/AuthenticateShop.php">
      <class name="Osiset\ShopifyApp\Actions\AuthenticateShop" namespace="global">
        <metrics complexity="4" methods="2" coveredmethods="2" conditionals="0" coveredconditionals="0" statements="19" coveredstatements="19" elements="21" coveredelements="21"/>
      </class>
      <line num="60" type="method" name="__construct" visibility="public" complexity="1" crap="1" count="3"/>
      <line num="67" type="stmt" count="3"/>
      <line num="68" type="stmt" count="3"/>
      <line num="69" type="stmt" count="3"/>
      <line num="70" type="stmt" count="3"/>
      <line num="71" type="stmt" count="3"/>
      <line num="72" type="stmt" count="3"/>
      <line num="81" type="method" name="__invoke" visibility="public" complexity="3" crap="3" count="3"/>
      <line num="85" type="stmt" count="3"/>
      <line num="86" type="stmt" count="3"/>
      <line num="87" type="stmt" count="3"/>
      <line num="88" type="stmt" count="3"/>
      <line num="91" type="stmt" count="3"/>
      <line num="93" type="stmt" count="1"/>
      <line num="97" type="stmt" count="2"/>
      <line num="98" type="stmt" count="2"/>
      <line num="100" type="stmt" count="1"/>
      <line num="104" type="stmt" count="1"/>
      <line num="105" type="stmt" count="1"/>
      <line num="106" type="stmt" count="1"/>
      <line num="108" type="stmt" count="1"/>
      <metrics loc="110" ncloc="64" classes="1" methods="2" coveredmethods="2" conditionals="0" coveredconditionals="0" statements="19" coveredstatements="19" elements="21" coveredelements="21"/>
    </file>
    <file name="/home/tyler/Development/Github/laravel-shopify/src/ShopifyApp/Actions/CancelCharge.php">
      <class name="Osiset\ShopifyApp\Actions\CancelCharge" namespace="global">
        <metrics complexity="4" methods="2" coveredmethods="2" conditionals="0" coveredconditionals="0" statements="12" coveredstatements="12" elements="14" coveredelements="14"/>
      </class>
      <line num="39" type="method" name="__construct" visibility="public" complexity="1" crap="1" count="2"/>
      <line num="41" type="stmt" count="2"/>
      <line num="42" type="stmt" count="2"/>
      <line num="43" type="stmt" count="2"/>
      <line num="54" type="method" name="__invoke" visibility="public" complexity="3" crap="3" count="2"/>
      <line num="57" type="stmt" count="2"/>
      <line num="58" type="stmt" count="2"/>
      <line num="60" type="stmt" count="2"/>
      <line num="62" type="stmt" count="1"/>
      <line num="63" type="stmt" count="1"/>
      <line num="68" type="stmt" count="1"/>
      <line num="69" type="stmt" count="1"/>
      <line num="70" type="stmt" count="1"/>
      <line num="71" type="stmt" count="1"/>
      <metrics loc="74" ncloc="44" classes="1" methods="2" coveredmethods="2" conditionals="0" coveredconditionals="0" statements="12" coveredstatements="12" elements="14" coveredelements="14"/>
    </file>
    <file name="/home/tyler/Development/Github/laravel-shopify/src/ShopifyApp/Actions/CancelCurrentPlan.php">
      <class name="Osiset\ShopifyApp\Actions\CancelCurrentPlan" namespace="global">
        <metrics complexity="6" methods="2" coveredmethods="2" conditionals="0" coveredconditionals="0" statements="13" coveredstatements="13" elements="15" coveredelements="15"/>
      </class>
      <line num="45" type="method" name="__construct" visibility="public" complexity="1" crap="1" count="3"/>
      <line num="47" type="stmt" count="3"/>
      <line num="48" type="stmt" count="3"/>
      <line num="49" type="stmt" count="3"/>
      <line num="50" type="stmt" count="3"/>
      <line num="59" type="method" name="__invoke" visibility="public" complexity="5" crap="5" count="3"/>
      <line num="62" type="stmt" count="3"/>
      <line num="63" type="stmt" count="3"/>
      <line num="65" type="stmt" count="3"/>
      <line num="67" type="stmt" count="1"/>
      <line num="71" type="stmt" count="2"/>
      <line num="72" type="stmt" count="2"/>
      <line num="73" type="stmt" count="1"/>
      <line num="76" type="stmt" count="1"/>
      <line num="80" type="stmt" count="1"/>
      <metrics loc="82" ncloc="48" classes="1" methods="2" coveredmethods="2" conditionals="0" coveredconditionals="0" statements="13" coveredstatements="13" elements="15" coveredelements="15"/>
    </file>
    <file name="/home/tyler/Development/Github/laravel-shopify/src/ShopifyApp/Actions/CreateScripts.php">
      <class name="Osiset\ShopifyApp\Actions\CreateScripts" namespace="global">
        <metrics complexity="8" methods="2" coveredmethods="2" conditionals="0" coveredconditionals="0" statements="25" coveredstatements="25" elements="27" coveredelements="27"/>
      </class>
      <line num="28" type="method" name="__construct" visibility="public" complexity="1" crap="1" count="4"/>
      <line num="30" type="stmt" count="4"/>
      <line num="31" type="stmt" count="4"/>
      <line num="42" type="method" name="__invoke" visibility="public" complexity="7" crap="7" count="4"/>
      <line num="52" type="stmt" count="4"/>
      <line num="53" type="stmt" count="4"/>
      <line num="54" type="stmt" count="4"/>
      <line num="56" type="stmt" count="3"/>
      <line num="60" type="stmt" count="2"/>
      <line num="61" type="stmt" count="4"/>
      <line num="64" type="stmt" count="4"/>
      <line num="65" type="stmt" count="4"/>
      <line num="68" type="stmt" count="4"/>
      <line num="71" type="stmt" count="4"/>
      <line num="72" type="stmt" count="4"/>
      <line num="73" type="stmt" count="4"/>
      <line num="74" type="stmt" count="4"/>
      <line num="76" type="stmt" count="4"/>
      <line num="78" type="stmt" count="2"/>
      <line num="79" type="stmt" count="2"/>
      <line num="82" type="stmt" count="4"/>
      <line num="86" type="stmt" count="4"/>
      <line num="87" type="stmt" count="4"/>
      <line num="89" type="stmt" count="2"/>
      <line num="90" type="stmt" count="2"/>
      <line num="95" type="stmt" count="4"/>
      <line num="96" type="stmt" count="4"/>
      <metrics loc="99" ncloc="75" classes="1" methods="2" coveredmethods="2" conditionals="0" coveredconditionals="0" statements="25" coveredstatements="25" elements="27" coveredelements="27"/>
    </file>
    <file name="/home/tyler/Development/Github/laravel-shopify/src/ShopifyApp/Actions/CreateWebhooks.php">
      <class name="Osiset\ShopifyApp\Actions\CreateWebhooks" namespace="global">
        <metrics complexity="8" methods="2" coveredmethods="2" conditionals="0" coveredconditionals="0" statements="25" coveredstatements="25" elements="27" coveredelements="27"/>
      </class>
      <line num="28" type="method" name="__construct" visibility="public" complexity="1" crap="1" count="3"/>
      <line num="30" type="stmt" count="3"/>
      <line num="31" type="stmt" count="3"/>
      <line num="42" type="method" name="__invoke" visibility="public" complexity="7" crap="7" count="3"/>
      <line num="52" type="stmt" count="3"/>
      <line num="53" type="stmt" count="3"/>
      <line num="54" type="stmt" count="3"/>
      <line num="56" type="stmt" count="3"/>
      <line num="60" type="stmt" count="1"/>
      <line num="61" type="stmt" count="3"/>
      <line num="64" type="stmt" count="3"/>
      <line num="65" type="stmt" count="3"/>
      <line num="68" type="stmt" count="3"/>
      <line num="70" type="stmt" count="3"/>
      <line num="71" type="stmt" count="3"/>
      <line num="72" type="stmt" count="3"/>
      <line num="73" type="stmt" count="3"/>
      <line num="75" type="stmt" count="3"/>
      <line num="77" type="stmt" count="1"/>
      <line num="78" type="stmt" count="1"/>
      <line num="81" type="stmt" count="3"/>
      <line num="85" type="stmt" count="3"/>
      <line num="86" type="stmt" count="3"/>
      <line num="88" type="stmt" count="1"/>
      <line num="89" type="stmt" count="1"/>
      <line num="94" type="stmt" count="3"/>
      <line num="95" type="stmt" count="3"/>
      <metrics loc="98" ncloc="74" classes="1" methods="2" coveredmethods="2" conditionals="0" coveredconditionals="0" statements="25" coveredstatements="25" elements="27" coveredelements="27"/>
    </file>
    <file name="/home/tyler/Development/Github/laravel-shopify/src/ShopifyApp/Actions/DeleteWebhooks.php">
      <class name="Osiset\ShopifyApp\Actions\DeleteWebhooks" namespace="global">
        <metrics complexity="3" methods="2" coveredmethods="2" conditionals="0" coveredconditionals="0" statements="10" coveredstatements="10" elements="12" coveredelements="12"/>
      </class>
      <line num="27" type="method" name="__construct" visibility="public" complexity="1" crap="1" count="1"/>
      <line num="29" type="stmt" count="1"/>
      <line num="30" type="stmt" count="1"/>
      <line num="40" type="method" name="__invoke" visibility="public" complexity="2" crap="2" count="1"/>
      <line num="43" type="stmt" count="1"/>
      <line num="44" type="stmt" count="1"/>
      <line num="47" type="stmt" count="1"/>
      <line num="49" type="stmt" count="1"/>
      <line num="50" type="stmt" count="1"/>
      <line num="52" type="stmt" count="1"/>
      <line num="55" type="stmt" count="1"/>
      <line num="58" type="stmt" count="1"/>
      <metrics loc="60" ncloc="37" classes="1" methods="2" coveredmethods="2" conditionals="0" coveredconditionals="0" statements="10" coveredstatements="10" elements="12" coveredelements="12"/>
    </file>
    <file name="/home/tyler/Development/Github/laravel-shopify/src/ShopifyApp/Actions/DispatchScripts.php">
      <class name="Osiset\ShopifyApp\Actions\DispatchScripts" namespace="global">
        <metrics complexity="4" methods="2" coveredmethods="2" conditionals="0" coveredconditionals="0" statements="14" coveredstatements="14" elements="16" coveredelements="16"/>
      </class>
      <line num="36" type="method" name="__construct" visibility="public" complexity="1" crap="1" count="6"/>
      <line num="38" type="stmt" count="6"/>
      <line num="39" type="stmt" count="6"/>
      <line num="40" type="stmt" count="6"/>
      <line num="50" type="method" name="__invoke" visibility="public" complexity="3" crap="3" count="4"/>
      <line num="53" type="stmt" count="4"/>
      <line num="56" type="stmt" count="4"/>
      <line num="57" type="stmt" count="4"/>
      <line num="59" type="stmt" count="2"/>
      <line num="63" type="stmt" count="2"/>
      <line num="64" type="stmt" count="1"/>
      <line num="65" type="stmt" count="1"/>
      <line num="69" type="stmt" count="1"/>
      <line num="70" type="stmt" count="1"/>
      <line num="72" type="stmt" count="1"/>
      <line num="75" type="stmt" count="2"/>
      <metrics loc="77" ncloc="48" classes="1" methods="2" coveredmethods="2" conditionals="0" coveredconditionals="0" statements="14" coveredstatements="14" elements="16" coveredelements="16"/>
    </file>
    <file name="/home/tyler/Development/Github/laravel-shopify/src/ShopifyApp/Actions/DispatchWebhooks.php">
      <class name="Osiset\ShopifyApp\Actions\DispatchWebhooks" namespace="global">
        <metrics complexity="4" methods="2" coveredmethods="2" conditionals="0" coveredconditionals="0" statements="14" coveredstatements="14" elements="16" coveredelements="16"/>
      </class>
      <line num="36" type="method" name="__construct" visibility="public" complexity="1" crap="1" count="6"/>
      <line num="38" type="stmt" count="6"/>
      <line num="39" type="stmt" count="6"/>
      <line num="40" type="stmt" count="6"/>
      <line num="50" type="method" name="__invoke" visibility="public" complexity="3" crap="3" count="4"/>
      <line num="53" type="stmt" count="4"/>
      <line num="56" type="stmt" count="4"/>
      <line num="57" type="stmt" count="4"/>
      <line num="59" type="stmt" count="2"/>
      <line num="63" type="stmt" count="2"/>
      <line num="64" type="stmt" count="1"/>
      <line num="65" type="stmt" count="1"/>
      <line num="69" type="stmt" count="1"/>
      <line num="70" type="stmt" count="1"/>
      <line num="72" type="stmt" count="1"/>
      <line num="75" type="stmt" count="2"/>
      <metrics loc="77" ncloc="48" classes="1" methods="2" coveredmethods="2" conditionals="0" coveredconditionals="0" statements="14" coveredstatements="14" elements="16" coveredelements="16"/>
    </file>
    <file name="/home/tyler/Development/Github/laravel-shopify/src/ShopifyApp/Actions/GetPlanUrl.php">
      <class name="Osiset\ShopifyApp\Actions\GetPlanUrl" namespace="global">
        <metrics complexity="5" methods="2" coveredmethods="2" conditionals="0" coveredconditionals="0" statements="18" coveredstatements="18" elements="20" coveredelements="20"/>
      </class>
      <line num="48" type="method" name="__construct" visibility="public" complexity="1" crap="1" count="2"/>
      <line num="50" type="stmt" count="2"/>
      <line num="51" type="stmt" count="2"/>
      <line num="52" type="stmt" count="2"/>
      <line num="53" type="stmt" count="2"/>
      <line num="64" type="method" name="__invoke" visibility="public" complexity="4" crap="4" count="2"/>
      <line num="67" type="stmt" count="2"/>
      <line num="70" type="stmt" count="2"/>
      <line num="73" type="stmt" count="2"/>
      <line num="74" type="stmt" count="2"/>
      <line num="75" type="stmt" count="2"/>
      <line num="76" type="stmt" count="1"/>
      <line num="77" type="stmt" count="1"/>
      <line num="80" type="stmt" count="1"/>
      <line num="81" type="stmt" count="1"/>
      <line num="83" type="stmt" count="1"/>
      <line num="84" type="stmt" count="1"/>
      <line num="85" type="stmt" count="1"/>
      <line num="88" type="stmt" count="1"/>
      <line num="91" type="stmt" count="2"/>
      <metrics loc="93" ncloc="57" classes="1" methods="2" coveredmethods="2" conditionals="0" coveredconditionals="0" statements="18" coveredstatements="18" elements="20" coveredelements="20"/>
    </file>
    <file name="/home/tyler/Development/Github/laravel-shopify/src/ShopifyApp/Actions/InstallShop.php">
      <class name="Osiset\ShopifyApp\Actions\InstallShop" namespace="global">
        <metrics complexity="7" methods="2" coveredmethods="1" conditionals="0" coveredconditionals="0" statements="23" coveredstatements="21" elements="25" coveredelements="22"/>
      </class>
      <line num="40" type="method" name="__construct" visibility="public" complexity="1" crap="1" count="7"/>
      <line num="44" type="stmt" count="7"/>
      <line num="45" type="stmt" count="7"/>
      <line num="46" type="stmt" count="7"/>
      <line num="56" type="method" name="__invoke" visibility="public" complexity="6" crap="6.04" count="7"/>
      <line num="59" type="stmt" count="7"/>
      <line num="60" type="stmt" count="7"/>
      <line num="62" type="stmt" count="4"/>
      <line num="63" type="stmt" count="4"/>
      <line num="67" type="stmt" count="7"/>
      <line num="68" type="stmt" count="7"/>
      <line num="69" type="stmt" count="3"/>
      <line num="70" type="stmt" count="7"/>
      <line num="73" type="stmt" count="7"/>
      <line num="75" type="stmt" count="3"/>
      <line num="76" type="stmt" count="3"/>
      <line num="77" type="stmt" count="3"/>
      <line num="83" type="stmt" count="4"/>
      <line num="84" type="stmt" count="1"/>
      <line num="88" type="stmt" count="4"/>
      <line num="89" type="stmt" count="4"/>
      <line num="92" type="stmt" count="4"/>
      <line num="94" type="stmt" count="4"/>
      <line num="96" type="stmt" count="0"/>
      <line num="99" type="stmt" count="0"/>
      <metrics loc="105" ncloc="77" classes="1" methods="2" coveredmethods="1" conditionals="0" coveredconditionals="0" statements="23" coveredstatements="21" elements="25" coveredelements="22"/>
    </file>
    <file name="/home/tyler/Development/Github/laravel-shopify/src/ShopifyApp/Console/WebhookJobMakeCommand.php">
      <class name="Osiset\ShopifyApp\Console\WebhookJobMakeCommand" namespace="global">
        <metrics complexity="8" methods="4" coveredmethods="4" conditionals="0" coveredconditionals="0" statements="17" coveredstatements="17" elements="21" coveredelements="21"/>
      </class>
      <line num="42" type="method" name="getArguments" visibility="protected" complexity="1" crap="1" count="54"/>
      <line num="45" type="stmt" count="54"/>
      <line num="46" type="stmt" count="54"/>
      <line num="55" type="method" name="handle" visibility="public" complexity="2" crap="2" count="1"/>
      <line num="58" type="stmt" count="1"/>
      <line num="59" type="stmt" count="1"/>
      <line num="62" type="stmt" count="1"/>
      <line num="63" type="stmt" count="1"/>
      <line num="66" type="stmt" count="1"/>
      <line num="67" type="stmt" count="1"/>
      <line num="71" type="stmt" count="1"/>
      <line num="78" type="method" name="getNameInput" visibility="protected" complexity="2" crap="2" count="1"/>
      <line num="80" type="stmt" count="1"/>
      <line num="81" type="stmt" count="1"/>
      <line num="82" type="stmt" count="1"/>
      <line num="83" type="stmt" count="1"/>
      <line num="86" type="stmt" count="1"/>
      <line num="96" type="method" name="getUrlFromName" visibility="protected" complexity="2" crap="2" count="2"/>
      <line num="98" type="stmt" count="2"/>
      <line num="99" type="stmt" count="1"/>
      <line num="102" type="stmt" count="2"/>
      <metrics loc="104" ncloc="65" classes="1" methods="4" coveredmethods="4" conditionals="0" coveredconditionals="0" statements="17" coveredstatements="17" elements="21" coveredelements="21"/>
    </file>
    <file name="/home/tyler/Development/Github/laravel-shopify/src/ShopifyApp/Http/Controllers/ApiController.php">
      <class name="Osiset\ShopifyApp\Http\Controllers\ApiController" namespace="global">
        <metrics complexity="0" methods="0" coveredmethods="0" conditionals="0" coveredconditionals="0" statements="0" coveredstatements="0" elements="0" coveredelements="0"/>
      </class>
      <metrics loc="14" ncloc="11" classes="0" methods="0" coveredmethods="0" conditionals="0" coveredconditionals="0" statements="0" coveredstatements="0" elements="0" coveredelements="0"/>
    </file>
    <file name="/home/tyler/Development/Github/laravel-shopify/src/ShopifyApp/Http/Controllers/AuthController.php">
      <class name="Osiset\ShopifyApp\Http\Controllers\AuthController" namespace="global">
        <metrics complexity="0" methods="0" coveredmethods="0" conditionals="0" coveredconditionals="0" statements="0" coveredstatements="0" elements="0" coveredelements="0"/>
      </class>
      <metrics loc="14" ncloc="11" classes="0" methods="0" coveredmethods="0" conditionals="0" coveredconditionals="0" statements="0" coveredstatements="0" elements="0" coveredelements="0"/>
    </file>
    <file name="/home/tyler/Development/Github/laravel-shopify/src/ShopifyApp/Http/Controllers/BillingController.php">
      <class name="Osiset\ShopifyApp\Http\Controllers\BillingController" namespace="global">
        <metrics complexity="0" methods="0" coveredmethods="0" conditionals="0" coveredconditionals="0" statements="0" coveredstatements="0" elements="0" coveredelements="0"/>
      </class>
      <metrics loc="14" ncloc="11" classes="0" methods="0" coveredmethods="0" conditionals="0" coveredconditionals="0" statements="0" coveredstatements="0" elements="0" coveredelements="0"/>
    </file>
    <file name="/home/tyler/Development/Github/laravel-shopify/src/ShopifyApp/Http/Controllers/HomeController.php">
      <class name="Osiset\ShopifyApp\Http\Controllers\HomeController" namespace="global">
        <metrics complexity="0" methods="0" coveredmethods="0" conditionals="0" coveredconditionals="0" statements="0" coveredstatements="0" elements="0" coveredelements="0"/>
      </class>
      <metrics loc="14" ncloc="11" classes="0" methods="0" coveredmethods="0" conditionals="0" coveredconditionals="0" statements="0" coveredstatements="0" elements="0" coveredelements="0"/>
    </file>
    <file name="/home/tyler/Development/Github/laravel-shopify/src/ShopifyApp/Http/Controllers/WebhookController.php">
      <class name="Osiset\ShopifyApp\Http\Controllers\WebhookController" namespace="global">
        <metrics complexity="0" methods="0" coveredmethods="0" conditionals="0" coveredconditionals="0" statements="0" coveredstatements="0" elements="0" coveredelements="0"/>
      </class>
      <metrics loc="14" ncloc="11" classes="0" methods="0" coveredmethods="0" conditionals="0" coveredconditionals="0" statements="0" coveredstatements="0" elements="0" coveredelements="0"/>
    </file>
    <file name="/home/tyler/Development/Github/laravel-shopify/src/ShopifyApp/Http/Middleware/AuthProxy.php">
      <class name="Osiset\ShopifyApp\Http\Middleware\AuthProxy" namespace="global">
        <metrics complexity="6" methods="2" coveredmethods="2" conditionals="0" coveredconditionals="0" statements="17" coveredstatements="17" elements="19" coveredelements="19"/>
      </class>
      <line num="46" type="method" name="__construct" visibility="public" complexity="1" crap="1" count="4"/>
      <line num="48" type="stmt" count="4"/>
      <line num="49" type="stmt" count="4"/>
      <line num="50" type="stmt" count="4"/>
      <line num="60" type="method" name="handle" visibility="public" complexity="5" crap="5" count="4"/>
      <line num="63" type="stmt" count="4"/>
      <line num="64" type="stmt" count="4"/>
      <line num="65" type="stmt" count="4"/>
      <line num="67" type="stmt" count="4"/>
      <line num="69" type="stmt" count="4"/>
      <line num="73" type="stmt" count="4"/>
      <line num="75" type="stmt" count="4"/>
      <line num="78" type="stmt" count="4"/>
      <line num="80" type="stmt" count="4"/>
      <line num="82" type="stmt" count="2"/>
      <line num="86" type="stmt" count="2"/>
      <line num="87" type="stmt" count="2"/>
      <line num="88" type="stmt" count="2"/>
      <line num="92" type="stmt" count="2"/>
      <metrics loc="94" ncloc="65" classes="1" methods="2" coveredmethods="2" conditionals="0" coveredconditionals="0" statements="17" coveredstatements="17" elements="19" coveredelements="19"/>
    </file>
    <file name="/home/tyler/Development/Github/laravel-shopify/src/ShopifyApp/Http/Middleware/AuthWebhook.php">
      <class name="Osiset\ShopifyApp\Http\Middleware\AuthWebhook" namespace="global">
        <metrics complexity="3" methods="1" coveredmethods="1" conditionals="0" coveredconditionals="0" statements="9" coveredstatements="9" elements="10" coveredelements="10"/>
      </class>
      <line num="27" type="method" name="handle" visibility="public" complexity="3" crap="3" count="3"/>
      <line num="29" type="stmt" count="3"/>
      <line num="30" type="stmt" count="3"/>
      <line num="31" type="stmt" count="3"/>
      <line num="32" type="stmt" count="3"/>
      <line num="34" type="stmt" count="3"/>
      <line num="38" type="stmt" count="3"/>
      <line num="41" type="stmt" count="3"/>
      <line num="43" type="stmt" count="2"/>
      <line num="47" type="stmt" count="1"/>
      <metrics loc="49" ncloc="38" classes="1" methods="1" coveredmethods="1" conditionals="0" coveredconditionals="0" statements="9" coveredstatements="9" elements="10" coveredelements="10"/>
    </file>
    <file name="/home/tyler/Development/Github/laravel-shopify/src/ShopifyApp/Http/Middleware/Billable.php">
      <class name="Osiset\ShopifyApp\Http\Middleware\Billable" namespace="global">
        <metrics complexity="5" methods="1" coveredmethods="1" conditionals="0" coveredconditionals="0" statements="5" coveredstatements="5" elements="6" coveredelements="6"/>
      </class>
      <line num="24" type="method" name="handle" visibility="public" complexity="5" crap="5" count="5"/>
      <line num="26" type="stmt" count="5"/>
      <line num="28" type="stmt" count="4"/>
      <line num="29" type="stmt" count="4"/>
      <line num="31" type="stmt" count="1"/>
      <line num="36" type="stmt" count="4"/>
      <metrics loc="38" ncloc="27" classes="1" methods="1" coveredmethods="1" conditionals="0" coveredconditionals="0" statements="5" coveredstatements="5" elements="6" coveredelements="6"/>
    </file>
    <file name="/home/tyler/Development/Github/laravel-shopify/src/ShopifyApp/Http/Middleware/VerifyShopify.php">
      <class name="Osiset\ShopifyApp\Http\Middleware\VerifyShopify" namespace="global">
        <metrics complexity="49" methods="15" coveredmethods="5" conditionals="0" coveredconditionals="0" statements="132" coveredstatements="68" elements="147" coveredelements="73"/>
      </class>
      <line num="77" type="method" name="__construct" visibility="public" complexity="1" crap="1" count="4"/>
      <line num="83" type="stmt" count="4"/>
      <line num="84" type="stmt" count="4"/>
      <line num="85" type="stmt" count="4"/>
      <line num="86" type="stmt" count="4"/>
      <line num="87" type="stmt" count="4"/>
      <line num="88" type="stmt" count="4"/>
      <line num="100" type="method" name="handle" visibility="public" complexity="8" crap="17.20" count="4"/>
      <line num="103" type="stmt" count="4"/>
      <line num="104" type="stmt" count="4"/>
      <line num="106" type="stmt" count="1"/>
      <line num="110" type="stmt" count="3"/>
      <line num="111" type="stmt" count="1"/>
      <line num="114" type="stmt" count="2"/>
      <line num="115" type="stmt" count="2"/>
      <line num="117" type="stmt" count="2"/>
      <line num="119" type="stmt" count="2"/>
      <line num="121" type="stmt" count="1"/>
      <line num="126" type="stmt" count="0"/>
      <line num="127" type="stmt" count="0"/>
      <line num="129" type="stmt" count="0"/>
      <line num="133" type="stmt" count="0"/>
      <line num="134" type="stmt" count="0"/>
      <line num="138" type="stmt" count="0"/>
      <line num="139" type="stmt" count="0"/>
      <line num="140" type="stmt" count="0"/>
      <line num="142" type="stmt" count="0"/>
      <line num="144" type="stmt" count="0"/>
      <line num="147" type="stmt" count="0"/>
      <line num="159" type="method" name="handleMissingToken" visibility="protected" complexity="2" crap="2" count="2"/>
      <line num="161" type="stmt" count="2"/>
      <line num="163" type="stmt" count="1"/>
      <line num="166" type="stmt" count="1"/>
      <line num="179" type="method" name="handleInvalidToken" visibility="protected" complexity="3" crap="12" count="0"/>
      <line num="181" type="stmt" count="0"/>
      <line num="182" type="stmt" count="0"/>
      <line num="184" type="stmt" count="0"/>
      <line num="185" type="stmt" count="0"/>
      <line num="186" type="stmt" count="0"/>
      <line num="190" type="stmt" count="0"/>
      <line num="202" type="method" name="handleInvalidShop" visibility="protected" complexity="2" crap="6" count="0"/>
      <line num="204" type="stmt" count="0"/>
      <line num="206" type="stmt" count="0"/>
      <line num="209" type="stmt" count="0"/>
      <line num="221" type="method" name="verifyHmac" visibility="protected" complexity="2" crap="2" count="4"/>
      <line num="223" type="stmt" count="4"/>
      <line num="224" type="stmt" count="4"/>
      <line num="226" type="stmt" count="3"/>
      <line num="230" type="stmt" count="1"/>
      <line num="232" type="stmt" count="1"/>
      <line num="243" type="method" name="loginShopFromToken" visibility="protected" complexity="4" crap="20" count="0"/>
      <line num="246" type="stmt" count="0"/>
      <line num="247" type="stmt" count="0"/>
      <line num="248" type="stmt" count="0"/>
      <line num="252" type="stmt" count="0"/>
      <line num="253" type="stmt" count="0"/>
      <line num="254" type="stmt" count="0"/>
      <line num="255" type="stmt" count="0"/>
      <line num="257" type="stmt" count="0"/>
      <line num="258" type="stmt" count="0"/>
      <line num="260" type="stmt" count="0"/>
      <line num="264" type="stmt" count="0"/>
      <line num="266" type="stmt" count="0"/>
      <line num="276" type="method" name="tokenRedirect" visibility="protected" complexity="3" crap="3.01" count="1"/>
      <line num="279" type="stmt" count="1"/>
      <line num="280" type="stmt" count="1"/>
      <line num="282" type="stmt" count="1"/>
      <line num="283" type="stmt" count="1"/>
      <line num="284" type="stmt" count="1"/>
      <line num="293" type="stmt" count="1"/>
      <line num="294" type="stmt" count="0"/>
      <line num="298" type="stmt" count="1"/>
      <line num="299" type="stmt" count="1"/>
      <line num="301" type="stmt" count="1"/>
      <line num="302" type="stmt" count="1"/>
      <line num="314" type="method" name="installRedirect" visibility="protected" complexity="1" crap="2" count="0"/>
      <line num="316" type="stmt" count="0"/>
      <line num="317" type="stmt" count="0"/>
      <line num="318" type="stmt" count="0"/>
      <line num="334" type="method" name="getHmacFromRequest" visibility="protected" complexity="6" crap="6.01" count="4"/>
      <line num="339" type="stmt" count="4"/>
      <line num="341" type="stmt" count="4"/>
      <line num="343" type="stmt" count="4"/>
      <line num="344" type="stmt" count="3"/>
      <line num="345" type="stmt" count="3"/>
      <line num="346" type="stmt" count="3"/>
      <line num="347" type="stmt" count="3"/>
      <line num="350" type="stmt" count="0"/>
      <line num="351" type="stmt" count="4"/>
      <line num="355" type="stmt" count="4"/>
      <line num="356" type="stmt" count="4"/>
      <line num="357" type="stmt" count="4"/>
      <line num="358" type="stmt" count="1"/>
      <line num="362" type="stmt" count="3"/>
      <line num="372" type="method" name="getAccessTokenFromRequest" visibility="protected" complexity="4" crap="9.83" count="2"/>
      <line num="374" type="stmt" count="2"/>
      <line num="375" type="stmt" count="0"/>
      <line num="378" type="stmt" count="0"/>
      <line num="379" type="stmt" count="0"/>
      <line num="381" type="stmt" count="0"/>
      <line num="384" type="stmt" count="0"/>
      <line num="387" type="stmt" count="2"/>
      <line num="398" type="method" name="getRequestData" visibility="protected" complexity="5" crap="12.07" count="1"/>
      <line num="403" type="stmt" count="1"/>
      <line num="405" type="stmt" count="1"/>
      <line num="406" type="stmt" count="1"/>
      <line num="407" type="stmt" count="1"/>
      <line num="410" type="stmt" count="1"/>
      <line num="411" type="stmt" count="1"/>
      <line num="413" type="stmt" count="1"/>
      <line num="415" type="stmt" count="0"/>
      <line num="416" type="stmt" count="0"/>
      <line num="417" type="stmt" count="0"/>
      <line num="420" type="stmt" count="0"/>
      <line num="421" type="stmt" count="0"/>
      <line num="422" type="stmt" count="0"/>
      <line num="426" type="stmt" count="0"/>
      <line num="427" type="stmt" count="0"/>
      <line num="428" type="stmt" count="0"/>
      <line num="429" type="stmt" count="0"/>
      <line num="430" type="stmt" count="0"/>
      <line num="432" type="stmt" count="0"/>
      <line num="433" type="stmt" count="0"/>
      <line num="434" type="stmt" count="0"/>
      <line num="438" type="stmt" count="0"/>
      <line num="439" type="stmt" count="1"/>
      <line num="441" type="stmt" count="1"/>
      <line num="442" type="stmt" count="0"/>
      <line num="443" type="stmt" count="0"/>
      <line num="446" type="stmt" count="0"/>
      <line num="447" type="stmt" count="0"/>
      <line num="448" type="stmt" count="0"/>
      <line num="451" type="stmt" count="0"/>
      <line num="452" type="stmt" count="1"/>
      <line num="455" type="stmt" count="1"/>
      <line num="466" type="method" name="parseDataSourceValue" visibility="protected" complexity="4" crap="4.07" count="1"/>
      <line num="475" type="stmt" count="1"/>
      <line num="476" type="stmt" count="1"/>
      <line num="477" type="stmt" count="1"/>
      <line num="480" type="stmt" count="1"/>
      <line num="481" type="stmt" count="0"/>
      <line num="485" type="stmt" count="1"/>
      <line num="495" type="method" name="isApiRequest" visibility="protected" complexity="2" crap="2" count="2"/>
      <line num="497" type="stmt" count="2"/>
      <line num="507" type="method" name="checkPreviousInstallation" visibility="protected" complexity="2" crap="2" count="2"/>
      <line num="509" type="stmt" count="2"/>
      <line num="511" type="stmt" count="2"/>
      <metrics loc="513" ncloc="357" classes="1" methods="15" coveredmethods="5" conditionals="0" coveredconditionals="0" statements="132" coveredstatements="68" elements="147" coveredelements="73"/>
    </file>
    <file name="/home/tyler/Development/Github/laravel-shopify/src/ShopifyApp/Http/Requests/StoreUsageCharge.php">
      <class name="Osiset\ShopifyApp\Http\Requests\StoreUsageCharge" namespace="global">
        <metrics complexity="5" methods="3" coveredmethods="0" conditionals="0" coveredconditionals="0" statements="11" coveredstatements="0" elements="14" coveredelements="0"/>
      </class>
      <line num="22" type="method" name="authorize" visibility="public" complexity="1" crap="2" count="0"/>
      <line num="24" type="stmt" count="0"/>
      <line num="34" type="method" name="withValidator" visibility="public" complexity="3" crap="12" count="0"/>
      <line num="37" type="stmt" count="0"/>
      <line num="39" type="stmt" count="0"/>
      <line num="44" type="stmt" count="0"/>
      <line num="45" type="stmt" count="0"/>
      <line num="48" type="stmt" count="0"/>
      <line num="49" type="stmt" count="0"/>
      <line num="52" type="stmt" count="0"/>
      <line num="59" type="stmt" count="0"/>
      <line num="61" type="stmt" count="0"/>
      <line num="71" type="method" name="rules" visibility="public" complexity="1" crap="2" count="0"/>
      <line num="73" type="stmt" count="0"/>
      <metrics loc="80" ncloc="60" classes="1" methods="3" coveredmethods="0" conditionals="0" coveredconditionals="0" statements="11" coveredstatements="0" elements="14" coveredelements="0"/>
    </file>
    <file name="/home/tyler/Development/Github/laravel-shopify/src/ShopifyApp/Macros/TokenRedirect.php">
      <class name="Osiset\ShopifyApp\Macros\TokenRedirect" namespace="global">
        <metrics complexity="1" methods="1" coveredmethods="0" conditionals="0" coveredconditionals="0" statements="4" coveredstatements="0" elements="5" coveredelements="0"/>
      </class>
      <line num="29" type="method" name="__invoke" visibility="public" complexity="1" crap="2" count="0"/>
      <line num="31" type="stmt" count="0"/>
      <line num="32" type="stmt" count="0"/>
      <line num="34" type="stmt" count="0"/>
      <line num="35" type="stmt" count="0"/>
      <metrics loc="39" ncloc="24" classes="1" methods="1" coveredmethods="0" conditionals="0" coveredconditionals="0" statements="4" coveredstatements="0" elements="5" coveredelements="0"/>
    </file>
    <file name="/home/tyler/Development/Github/laravel-shopify/src/ShopifyApp/Macros/TokenRoute.php">
      <class name="Osiset\ShopifyApp\Macros\TokenRoute" namespace="global">
        <metrics complexity="1" methods="1" coveredmethods="0" conditionals="0" coveredconditionals="0" statements="4" coveredstatements="0" elements="5" coveredelements="0"/>
      </class>
      <line num="28" type="method" name="__invoke" visibility="public" complexity="1" crap="2" count="0"/>
      <line num="30" type="stmt" count="0"/>
      <line num="31" type="stmt" count="0"/>
      <line num="33" type="stmt" count="0"/>
      <line num="34" type="stmt" count="0"/>
      <metrics loc="38" ncloc="22" classes="1" methods="1" coveredmethods="0" conditionals="0" coveredconditionals="0" statements="4" coveredstatements="0" elements="5" coveredelements="0"/>
    </file>
    <file name="/home/tyler/Development/Github/laravel-shopify/src/ShopifyApp/Messaging/Jobs/AppUninstalledJob.php">
      <class name="Osiset\ShopifyApp\Messaging\Jobs\AppUninstalledJob" namespace="global">
        <metrics complexity="2" methods="2" coveredmethods="0" conditionals="0" coveredconditionals="0" statements="9" coveredstatements="0" elements="11" coveredelements="0"/>
      </class>
      <line num="48" type="method" name="__construct" visibility="public" complexity="1" crap="2" count="0"/>
      <line num="50" type="stmt" count="0"/>
      <line num="51" type="stmt" count="0"/>
      <line num="63" type="method" name="handle" visibility="public" complexity="1" crap="2" count="0"/>
      <line num="69" type="stmt" count="0"/>
      <line num="72" type="stmt" count="0"/>
      <line num="73" type="stmt" count="0"/>
      <line num="76" type="stmt" count="0"/>
      <line num="79" type="stmt" count="0"/>
      <line num="82" type="stmt" count="0"/>
      <line num="84" type="stmt" count="0"/>
      <metrics loc="86" ncloc="56" classes="1" methods="2" coveredmethods="0" conditionals="0" coveredconditionals="0" statements="9" coveredstatements="0" elements="11" coveredelements="0"/>
    </file>
    <file name="/home/tyler/Development/Github/laravel-shopify/src/ShopifyApp/Messaging/Jobs/ScripttagInstaller.php">
      <class name="Osiset\ShopifyApp\Messaging\Jobs\ScripttagInstaller" namespace="global">
        <metrics complexity="2" methods="2" coveredmethods="2" conditionals="0" coveredconditionals="0" statements="7" coveredstatements="7" elements="9" coveredelements="9"/>
      </class>
      <line num="45" type="method" name="__construct" visibility="public" complexity="1" crap="1" count="2"/>
      <line num="47" type="stmt" count="2"/>
      <line num="48" type="stmt" count="2"/>
      <line num="49" type="stmt" count="2"/>
      <line num="58" type="method" name="handle" visibility="public" complexity="1" crap="1" count="1"/>
      <line num="60" type="stmt" count="1"/>
      <line num="61" type="stmt" count="1"/>
      <line num="62" type="stmt" count="1"/>
      <line num="63" type="stmt" count="1"/>
      <metrics loc="66" ncloc="38" classes="1" methods="2" coveredmethods="2" conditionals="0" coveredconditionals="0" statements="7" coveredstatements="7" elements="9" coveredelements="9"/>
    </file>
    <file name="/home/tyler/Development/Github/laravel-shopify/src/ShopifyApp/Messaging/Jobs/WebhookInstaller.php">
      <class name="Osiset\ShopifyApp\Messaging\Jobs\WebhookInstaller" namespace="global">
        <metrics complexity="2" methods="2" coveredmethods="2" conditionals="0" coveredconditionals="0" statements="7" coveredstatements="7" elements="9" coveredelements="9"/>
      </class>
      <line num="45" type="method" name="__construct" visibility="public" complexity="1" crap="1" count="2"/>
      <line num="47" type="stmt" count="2"/>
      <line num="48" type="stmt" count="2"/>
      <line num="49" type="stmt" count="2"/>
      <line num="58" type="method" name="handle" visibility="public" complexity="1" crap="1" count="1"/>
      <line num="60" type="stmt" count="1"/>
      <line num="61" type="stmt" count="1"/>
      <line num="62" type="stmt" count="1"/>
      <line num="63" type="stmt" count="1"/>
      <metrics loc="66" ncloc="38" classes="1" methods="2" coveredmethods="2" conditionals="0" coveredconditionals="0" statements="7" coveredstatements="7" elements="9" coveredelements="9"/>
    </file>
    <file name="/home/tyler/Development/Github/laravel-shopify/src/ShopifyApp/Objects/Transfers/AbstractTransfer.php">
      <class name="Osiset\ShopifyApp\Objects\Transfers\AbstractTransfer" namespace="global">
        <metrics complexity="5" methods="5" coveredmethods="0" conditionals="0" coveredconditionals="0" statements="7" coveredstatements="0" elements="12" coveredelements="0"/>
      </class>
      <line num="24" type="method" name="__get" visibility="public" complexity="1" crap="2" count="0"/>
      <line num="27" type="stmt" count="0"/>
      <line num="28" type="stmt" count="0"/>
      <line num="41" type="method" name="__set" visibility="public" complexity="1" crap="2" count="0"/>
      <line num="44" type="stmt" count="0"/>
      <line num="45" type="stmt" count="0"/>
      <line num="53" type="method" name="getIterator" visibility="public" complexity="1" crap="2" count="0"/>
      <line num="55" type="stmt" count="0"/>
      <line num="63" type="method" name="jsonSerialize" visibility="public" complexity="1" crap="2" count="0"/>
      <line num="65" type="stmt" count="0"/>
      <line num="73" type="method" name="toArray" visibility="public" complexity="1" crap="2" count="0"/>
      <line num="75" type="stmt" count="0"/>
      <metrics loc="77" ncloc="40" classes="1" methods="5" coveredmethods="0" conditionals="0" coveredconditionals="0" statements="7" coveredstatements="0" elements="12" coveredelements="0"/>
    </file>
    <file name="/home/tyler/Development/Github/laravel-shopify/src/ShopifyApp/Objects/Transfers/Charge.php">
      <class name="Osiset\ShopifyApp\Objects\Transfers\Charge" namespace="global">
        <metrics complexity="0" methods="0" coveredmethods="0" conditionals="0" coveredconditionals="0" statements="0" coveredstatements="0" elements="0" coveredelements="0"/>
      </class>
      <metrics loc="79" ncloc="31" classes="0" methods="0" coveredmethods="0" conditionals="0" coveredconditionals="0" statements="0" coveredstatements="0" elements="0" coveredelements="0"/>
    </file>
    <file name="/home/tyler/Development/Github/laravel-shopify/src/ShopifyApp/Objects/Transfers/PlanDetails.php">
      <class name="Osiset\ShopifyApp\Objects\Transfers\PlanDetails" namespace="global">
        <metrics complexity="1" methods="1" coveredmethods="1" conditionals="0" coveredconditionals="0" statements="9" coveredstatements="9" elements="10" coveredelements="10"/>
      </class>
      <line num="74" type="method" name="toArray" visibility="public" complexity="1" crap="1" count="1"/>
      <line num="77" type="stmt" count="1"/>
      <line num="78" type="stmt" count="1"/>
      <line num="79" type="stmt" count="1"/>
      <line num="80" type="stmt" count="1"/>
      <line num="81" type="stmt" count="1"/>
      <line num="82" type="stmt" count="1"/>
      <line num="83" type="stmt" count="1"/>
      <line num="84" type="stmt" count="1"/>
      <line num="85" type="stmt" count="1"/>
      <metrics loc="88" ncloc="37" classes="1" methods="1" coveredmethods="1" conditionals="0" coveredconditionals="0" statements="9" coveredstatements="9" elements="10" coveredelements="10"/>
    </file>
    <file name="/home/tyler/Development/Github/laravel-shopify/src/ShopifyApp/Objects/Transfers/UsageCharge.php">
      <class name="Osiset\ShopifyApp\Objects\Transfers\UsageCharge" namespace="global">
        <metrics complexity="1" methods="1" coveredmethods="1" conditionals="0" coveredconditionals="0" statements="3" coveredstatements="3" elements="4" coveredelements="4"/>
      </class>
      <line num="70" type="method" name="__construct" visibility="public" complexity="1" crap="1" count="1"/>
      <line num="72" type="stmt" count="1"/>
      <line num="73" type="stmt" count="1"/>
      <line num="74" type="stmt" count="1"/>
      <metrics loc="75" ncloc="32" classes="1" methods="1" coveredmethods="1" conditionals="0" coveredconditionals="0" statements="3" coveredstatements="3" elements="4" coveredelements="4"/>
    </file>
    <file name="/home/tyler/Development/Github/laravel-shopify/src/ShopifyApp/Objects/Transfers/UsageChargeDetails.php">
      <class name="Osiset\ShopifyApp\Objects\Transfers\UsageChargeDetails" namespace="global">
        <metrics complexity="0" methods="0" coveredmethods="0" conditionals="0" coveredconditionals="0" statements="0" coveredstatements="0" elements="0" coveredelements="0"/>
      </class>
      <metrics loc="32" ncloc="14" classes="0" methods="0" coveredmethods="0" conditionals="0" coveredconditionals="0" statements="0" coveredstatements="0" elements="0" coveredelements="0"/>
    </file>
    <file name="/home/tyler/Development/Github/laravel-shopify/src/ShopifyApp/Objects/Values/AccessToken.php">
      <class name="Osiset\ShopifyApp\Objects\Values\AccessToken" namespace="global">
        <metrics complexity="1" methods="1" coveredmethods="0" conditionals="0" coveredconditionals="0" statements="1" coveredstatements="0" elements="2" coveredelements="0"/>
      </class>
      <line num="18" type="method" name="isEmpty" visibility="public" complexity="1" crap="2" count="0"/>
      <line num="20" type="stmt" count="0"/>
      <metrics loc="22" ncloc="16" classes="1" methods="1" coveredmethods="0" conditionals="0" coveredconditionals="0" statements="1" coveredstatements="0" elements="2" coveredelements="0"/>
    </file>
    <file name="/home/tyler/Development/Github/laravel-shopify/src/ShopifyApp/Objects/Values/ChargeId.php">
      <class name="Osiset\ShopifyApp\Objects\Values\ChargeId" namespace="global">
        <metrics complexity="0" methods="0" coveredmethods="0" conditionals="0" coveredconditionals="0" statements="0" coveredstatements="0" elements="0" coveredelements="0"/>
      </class>
      <metrics loc="14" ncloc="11" classes="0" methods="0" coveredmethods="0" conditionals="0" coveredconditionals="0" statements="0" coveredstatements="0" elements="0" coveredelements="0"/>
    </file>
    <file name="/home/tyler/Development/Github/laravel-shopify/src/ShopifyApp/Objects/Values/ChargeReference.php">
      <class name="Osiset\ShopifyApp\Objects\Values\ChargeReference" namespace="global">
        <metrics complexity="0" methods="0" coveredmethods="0" conditionals="0" coveredconditionals="0" statements="0" coveredstatements="0" elements="0" coveredelements="0"/>
      </class>
      <metrics loc="14" ncloc="11" classes="0" methods="0" coveredmethods="0" conditionals="0" coveredconditionals="0" statements="0" coveredstatements="0" elements="0" coveredelements="0"/>
    </file>
    <file name="/home/tyler/Development/Github/laravel-shopify/src/ShopifyApp/Objects/Values/Hmac.php">
      <class name="Osiset\ShopifyApp\Objects\Values\Hmac" namespace="global">
        <metrics complexity="1" methods="1" coveredmethods="1" conditionals="0" coveredconditionals="0" statements="1" coveredstatements="1" elements="2" coveredelements="2"/>
      </class>
      <line num="18" type="method" name="isSame" visibility="public" complexity="1" crap="1" count="7"/>
      <line num="20" type="stmt" count="7"/>
      <metrics loc="22" ncloc="16" classes="1" methods="1" coveredmethods="1" conditionals="0" coveredconditionals="0" statements="1" coveredstatements="1" elements="2" coveredelements="2"/>
    </file>
    <file name="/home/tyler/Development/Github/laravel-shopify/src/ShopifyApp/Objects/Values/NullAccessToken.php">
      <class name="Osiset\ShopifyApp\Objects\Values\NullAccessToken" namespace="global">
        <metrics complexity="1" methods="1" coveredmethods="0" conditionals="0" coveredconditionals="0" statements="1" coveredstatements="0" elements="2" coveredelements="0"/>
      </class>
      <line num="18" type="method" name="isEmpty" visibility="public" complexity="1" crap="2" count="0"/>
      <line num="20" type="stmt" count="0"/>
      <metrics loc="22" ncloc="16" classes="1" methods="1" coveredmethods="0" conditionals="0" coveredconditionals="0" statements="1" coveredstatements="0" elements="2" coveredelements="0"/>
    </file>
    <file name="/home/tyler/Development/Github/laravel-shopify/src/ShopifyApp/Objects/Values/NullPlanId.php">
      <class name="Osiset\ShopifyApp\Objects\Values\NullPlanId" namespace="global">
        <metrics complexity="0" methods="0" coveredmethods="0" conditionals="0" coveredconditionals="0" statements="0" coveredstatements="0" elements="0" coveredelements="0"/>
      </class>
      <metrics loc="14" ncloc="11" classes="0" methods="0" coveredmethods="0" conditionals="0" coveredconditionals="0" statements="0" coveredstatements="0" elements="0" coveredelements="0"/>
    </file>
    <file name="/home/tyler/Development/Github/laravel-shopify/src/ShopifyApp/Objects/Values/NullSessionId.php">
      <class name="Osiset\ShopifyApp\Objects\Values\NullSessionId" namespace="global">
        <metrics complexity="0" methods="0" coveredmethods="0" conditionals="0" coveredconditionals="0" statements="0" coveredstatements="0" elements="0" coveredelements="0"/>
      </class>
      <metrics loc="14" ncloc="11" classes="0" methods="0" coveredmethods="0" conditionals="0" coveredconditionals="0" statements="0" coveredstatements="0" elements="0" coveredelements="0"/>
    </file>
    <file name="/home/tyler/Development/Github/laravel-shopify/src/ShopifyApp/Objects/Values/NullSessionToken.php">
      <class name="Osiset\ShopifyApp\Objects\Values\NullSessionToken" namespace="global">
        <metrics complexity="0" methods="0" coveredmethods="0" conditionals="0" coveredconditionals="0" statements="0" coveredstatements="0" elements="0" coveredelements="0"/>
      </class>
      <metrics loc="14" ncloc="11" classes="0" methods="0" coveredmethods="0" conditionals="0" coveredconditionals="0" statements="0" coveredstatements="0" elements="0" coveredelements="0"/>
    </file>
    <file name="/home/tyler/Development/Github/laravel-shopify/src/ShopifyApp/Objects/Values/NullShopDomain.php">
      <class name="Osiset\ShopifyApp\Objects\Values\NullShopDomain" namespace="global">
        <metrics complexity="0" methods="0" coveredmethods="0" conditionals="0" coveredconditionals="0" statements="0" coveredstatements="0" elements="0" coveredelements="0"/>
      </class>
      <metrics loc="14" ncloc="11" classes="0" methods="0" coveredmethods="0" conditionals="0" coveredconditionals="0" statements="0" coveredstatements="0" elements="0" coveredelements="0"/>
    </file>
    <file name="/home/tyler/Development/Github/laravel-shopify/src/ShopifyApp/Objects/Values/NullableAccessToken.php">
      <class name="Osiset\ShopifyApp\Objects\Values\NullableAccessToken" namespace="global">
        <metrics complexity="3" methods="3" coveredmethods="0" conditionals="0" coveredconditionals="0" statements="3" coveredstatements="0" elements="6" coveredelements="0"/>
      </class>
      <line num="16" type="method" name="isEmpty" visibility="public" complexity="1" crap="2" count="0"/>
      <line num="18" type="stmt" count="0"/>
      <line num="24" type="method" name="nonNullImplementation" visibility="protected" complexity="1" crap="2" count="0"/>
      <line num="26" type="stmt" count="0"/>
      <line num="32" type="method" name="nullImplementation" visibility="protected" complexity="1" crap="2" count="0"/>
      <line num="34" type="stmt" count="0"/>
      <metrics loc="36" ncloc="24" classes="1" methods="3" coveredmethods="0" conditionals="0" coveredconditionals="0" statements="3" coveredstatements="0" elements="6" coveredelements="0"/>
    </file>
    <file name="/home/tyler/Development/Github/laravel-shopify/src/ShopifyApp/Objects/Values/NullablePlanId.php">
      <class name="Osiset\ShopifyApp\Objects\Values\NullablePlanId" namespace="global">
        <metrics complexity="2" methods="2" coveredmethods="2" conditionals="0" coveredconditionals="0" statements="2" coveredstatements="2" elements="4" coveredelements="4"/>
      </class>
      <line num="16" type="method" name="nonNullImplementation" visibility="protected" complexity="1" crap="1" count="2"/>
      <line num="18" type="stmt" count="2"/>
      <line num="24" type="method" name="nullImplementation" visibility="protected" complexity="1" crap="1" count="2"/>
      <line num="26" type="stmt" count="2"/>
      <metrics loc="28" ncloc="19" classes="1" methods="2" coveredmethods="2" conditionals="0" coveredconditionals="0" statements="2" coveredstatements="2" elements="4" coveredelements="4"/>
    </file>
    <file name="/home/tyler/Development/Github/laravel-shopify/src/ShopifyApp/Objects/Values/NullableSessionId.php">
      <class name="Osiset\ShopifyApp\Objects\Values\NullableSessionId" namespace="global">
        <metrics complexity="2" methods="2" coveredmethods="0" conditionals="0" coveredconditionals="0" statements="2" coveredstatements="0" elements="4" coveredelements="0"/>
      </class>
      <line num="16" type="method" name="nonNullImplementation" visibility="protected" complexity="1" crap="2" count="0"/>
      <line num="18" type="stmt" count="0"/>
      <line num="24" type="method" name="nullImplementation" visibility="protected" complexity="1" crap="2" count="0"/>
      <line num="26" type="stmt" count="0"/>
      <metrics loc="28" ncloc="19" classes="1" methods="2" coveredmethods="0" conditionals="0" coveredconditionals="0" statements="2" coveredstatements="0" elements="4" coveredelements="0"/>
    </file>
    <file name="/home/tyler/Development/Github/laravel-shopify/src/ShopifyApp/Objects/Values/NullableSessionToken.php">
      <class name="Osiset\ShopifyApp\Objects\Values\NullableSessionToken" namespace="global">
        <metrics complexity="2" methods="2" coveredmethods="0" conditionals="0" coveredconditionals="0" statements="2" coveredstatements="0" elements="4" coveredelements="0"/>
      </class>
      <line num="16" type="method" name="nonNullImplementation" visibility="protected" complexity="1" crap="2" count="0"/>
      <line num="18" type="stmt" count="0"/>
      <line num="24" type="method" name="nullImplementation" visibility="protected" complexity="1" crap="2" count="0"/>
      <line num="26" type="stmt" count="0"/>
      <metrics loc="28" ncloc="19" classes="1" methods="2" coveredmethods="0" conditionals="0" coveredconditionals="0" statements="2" coveredstatements="0" elements="4" coveredelements="0"/>
    </file>
    <file name="/home/tyler/Development/Github/laravel-shopify/src/ShopifyApp/Objects/Values/NullableShopDomain.php">
      <class name="Osiset\ShopifyApp\Objects\Values\NullableShopDomain" namespace="global">
        <metrics complexity="2" methods="2" coveredmethods="2" conditionals="0" coveredconditionals="0" statements="2" coveredstatements="2" elements="4" coveredelements="4"/>
      </class>
      <line num="16" type="method" name="nonNullImplementation" visibility="protected" complexity="1" crap="1" count="31"/>
      <line num="18" type="stmt" count="31"/>
      <line num="24" type="method" name="nullImplementation" visibility="protected" complexity="1" crap="1" count="31"/>
      <line num="26" type="stmt" count="31"/>
      <metrics loc="28" ncloc="19" classes="1" methods="2" coveredmethods="2" conditionals="0" coveredconditionals="0" statements="2" coveredstatements="2" elements="4" coveredelements="4"/>
    </file>
    <file name="/home/tyler/Development/Github/laravel-shopify/src/ShopifyApp/Objects/Values/PlanId.php">
      <class name="Osiset\ShopifyApp\Objects\Values\PlanId" namespace="global">
        <metrics complexity="0" methods="0" coveredmethods="0" conditionals="0" coveredconditionals="0" statements="0" coveredstatements="0" elements="0" coveredelements="0"/>
      </class>
      <metrics loc="14" ncloc="11" classes="0" methods="0" coveredmethods="0" conditionals="0" coveredconditionals="0" statements="0" coveredstatements="0" elements="0" coveredelements="0"/>
    </file>
    <file name="/home/tyler/Development/Github/laravel-shopify/src/ShopifyApp/Objects/Values/SessionId.php">
      <class name="Osiset\ShopifyApp\Objects\Values\SessionId" namespace="global">
        <metrics complexity="0" methods="0" coveredmethods="0" conditionals="0" coveredconditionals="0" statements="0" coveredstatements="0" elements="0" coveredelements="0"/>
      </class>
      <metrics loc="14" ncloc="11" classes="0" methods="0" coveredmethods="0" conditionals="0" coveredconditionals="0" statements="0" coveredstatements="0" elements="0" coveredelements="0"/>
    </file>
    <file name="/home/tyler/Development/Github/laravel-shopify/src/ShopifyApp/Objects/Values/SessionToken.php">
      <class name="Osiset\ShopifyApp\Objects\Values\SessionToken" namespace="global">
        <metrics complexity="9" methods="8" coveredmethods="0" conditionals="0" coveredconditionals="0" statements="54" coveredstatements="0" elements="62" coveredelements="0"/>
      </class>
      <line num="136" type="method" name="__construct" visibility="public" complexity="2" crap="6" count="0"/>
      <line num="139" type="stmt" count="0"/>
      <line num="140" type="stmt" count="0"/>
      <line num="142" type="stmt" count="0"/>
      <line num="144" type="stmt" count="0"/>
      <line num="145" type="stmt" count="0"/>
      <line num="146" type="stmt" count="0"/>
      <line num="148" type="stmt" count="0"/>
      <line num="157" type="method" name="decodeToken" visibility="protected" complexity="1" crap="2" count="0"/>
      <line num="160" type="stmt" count="0"/>
      <line num="163" type="stmt" count="0"/>
      <line num="164" type="stmt" count="0"/>
      <line num="167" type="stmt" count="0"/>
      <line num="168" type="stmt" count="0"/>
      <line num="169" type="stmt" count="0"/>
      <line num="170" type="stmt" count="0"/>
      <line num="171" type="stmt" count="0"/>
      <line num="172" type="stmt" count="0"/>
      <line num="173" type="stmt" count="0"/>
      <line num="174" type="stmt" count="0"/>
      <line num="175" type="stmt" count="0"/>
      <line num="176" type="stmt" count="0"/>
      <line num="177" type="stmt" count="0"/>
      <line num="180" type="stmt" count="0"/>
      <line num="181" type="stmt" count="0"/>
      <line num="182" type="stmt" count="0"/>
      <line num="183" type="stmt" count="0"/>
      <line num="184" type="stmt" count="0"/>
      <line num="185" type="stmt" count="0"/>
      <line num="186" type="stmt" count="0"/>
      <line num="187" type="stmt" count="0"/>
      <line num="188" type="stmt" count="0"/>
      <line num="191" type="stmt" count="0"/>
      <line num="192" type="stmt" count="0"/>
      <line num="193" type="stmt" count="0"/>
      <line num="200" type="method" name="getShopDomain" visibility="public" complexity="1" crap="2" count="0"/>
      <line num="202" type="stmt" count="0"/>
      <line num="210" type="method" name="getSessionId" visibility="public" complexity="1" crap="2" count="0"/>
      <line num="212" type="stmt" count="0"/>
      <line num="220" type="method" name="getExpiration" visibility="public" complexity="1" crap="2" count="0"/>
      <line num="222" type="stmt" count="0"/>
      <line num="232" type="method" name="verifySignature" visibility="protected" complexity="1" crap="2" count="0"/>
      <line num="235" type="stmt" count="0"/>
      <line num="236" type="stmt" count="0"/>
      <line num="237" type="stmt" count="0"/>
      <line num="240" type="stmt" count="0"/>
      <line num="241" type="stmt" count="0"/>
      <line num="242" type="stmt" count="0"/>
      <line num="244" type="stmt" count="0"/>
      <line num="245" type="stmt" count="0"/>
      <line num="254" type="method" name="verifyValidity" visibility="protected" complexity="1" crap="2" count="0"/>
      <line num="256" type="stmt" count="0"/>
      <line num="257" type="stmt" count="0"/>
      <line num="258" type="stmt" count="0"/>
      <line num="267" type="method" name="verifyExpiration" visibility="protected" complexity="1" crap="2" count="0"/>
      <line num="269" type="stmt" count="0"/>
      <line num="270" type="stmt" count="0"/>
      <line num="271" type="stmt" count="0"/>
      <line num="272" type="stmt" count="0"/>
      <line num="273" type="stmt" count="0"/>
      <line num="274" type="stmt" count="0"/>
      <line num="275" type="stmt" count="0"/>
      <metrics loc="276" ncloc="147" classes="1" methods="8" coveredmethods="0" conditionals="0" coveredconditionals="0" statements="54" coveredstatements="0" elements="62" coveredelements="0"/>
    </file>
    <file name="/home/tyler/Development/Github/laravel-shopify/src/ShopifyApp/Objects/Values/ShopDomain.php">
      <class name="Osiset\ShopifyApp\Objects\Values\ShopDomain" namespace="global">
        <metrics complexity="13" methods="3" coveredmethods="1" conditionals="0" coveredconditionals="0" statements="31" coveredstatements="14" elements="34" coveredelements="15"/>
      </class>
      <line num="28" type="method" name="__construct" visibility="public" complexity="1" crap="1" count="27"/>
      <line num="30" type="stmt" count="27"/>
      <line num="31" type="stmt" count="27"/>
      <line num="45" type="method" name="fromRequest" visibility="public" complexity="9" crap="33.00" count="2"/>
      <line num="50" type="stmt" count="2"/>
      <line num="53" type="stmt" count="2"/>
      <line num="56" type="stmt" count="2"/>
      <line num="57" type="stmt" count="0"/>
      <line num="58" type="stmt" count="0"/>
      <line num="59" type="stmt" count="0"/>
      <line num="62" type="stmt" count="0"/>
      <line num="63" type="stmt" count="0"/>
      <line num="64" type="stmt" count="0"/>
      <line num="65" type="stmt" count="0"/>
      <line num="68" type="stmt" count="0"/>
      <line num="69" type="stmt" count="0"/>
      <line num="71" type="stmt" count="0"/>
      <line num="72" type="stmt" count="0"/>
      <line num="73" type="stmt" count="0"/>
      <line num="75" type="stmt" count="0"/>
      <line num="77" type="stmt" count="0"/>
      <line num="81" type="stmt" count="0"/>
      <line num="82" type="stmt" count="2"/>
      <line num="86" type="stmt" count="2"/>
      <line num="87" type="stmt" count="2"/>
      <line num="88" type="stmt" count="2"/>
      <line num="90" type="stmt" count="2"/>
      <line num="95" type="stmt" count="0"/>
      <line num="105" type="method" name="sanitizeShopDomain" visibility="protected" complexity="3" crap="3.07" count="27"/>
      <line num="107" type="stmt" count="27"/>
      <line num="108" type="stmt" count="27"/>
      <line num="110" type="stmt" count="27"/>
      <line num="112" type="stmt" count="0"/>
      <line num="116" type="stmt" count="27"/>
      <metrics loc="118" ncloc="89" classes="1" methods="3" coveredmethods="1" conditionals="0" coveredconditionals="0" statements="31" coveredstatements="14" elements="34" coveredelements="15"/>
    </file>
    <file name="/home/tyler/Development/Github/laravel-shopify/src/ShopifyApp/Objects/Values/ShopId.php">
      <class name="Osiset\ShopifyApp\Objects\Values\ShopId" namespace="global">
        <metrics complexity="0" methods="0" coveredmethods="0" conditionals="0" coveredconditionals="0" statements="0" coveredstatements="0" elements="0" coveredelements="0"/>
      </class>
      <metrics loc="14" ncloc="11" classes="0" methods="0" coveredmethods="0" conditionals="0" coveredconditionals="0" statements="0" coveredstatements="0" elements="0" coveredelements="0"/>
    </file>
    <file name="/home/tyler/Development/Github/laravel-shopify/src/ShopifyApp/Services/ApiHelper.php">
      <class name="Osiset\ShopifyApp\Services\ApiHelper" namespace="global">
        <metrics complexity="37" methods="20" coveredmethods="13" conditionals="0" coveredconditionals="0" statements="133" coveredstatements="110" elements="153" coveredelements="123"/>
      </class>
      <line num="42" type="method" name="make" visibility="public" complexity="3" crap="3" count="24"/>
      <line num="45" type="stmt" count="24"/>
      <line num="47" type="stmt" count="24"/>
      <line num="48" type="stmt" count="24"/>
      <line num="49" type="stmt" count="24"/>
      <line num="50" type="stmt" count="24"/>
      <line num="53" type="stmt" count="24"/>
      <line num="55" type="stmt" count="17"/>
      <line num="56" type="stmt" count="17"/>
      <line num="59" type="stmt" count="17"/>
      <line num="63" type="stmt" count="7"/>
      <line num="64" type="stmt" count="7"/>
      <line num="65" type="stmt" count="7"/>
      <line num="67" type="stmt" count="7"/>
      <line num="68" type="stmt" count="7"/>
      <line num="69" type="stmt" count="7"/>
      <line num="70" type="stmt" count="7"/>
      <line num="71" type="stmt" count="7"/>
      <line num="76" type="stmt" count="24"/>
      <line num="78" type="stmt" count="20"/>
      <line num="81" type="stmt" count="24"/>
      <line num="87" type="method" name="setApi" visibility="public" complexity="1" crap="2" count="0"/>
      <line num="89" type="stmt" count="0"/>
      <line num="91" type="stmt" count="0"/>
      <line num="97" type="method" name="getApi" visibility="public" complexity="1" crap="2" count="0"/>
      <line num="99" type="stmt" count="0"/>
      <line num="111" type="method" name="withApi" visibility="public" complexity="1" crap="2" count="0"/>
      <line num="114" type="stmt" count="0"/>
      <line num="117" type="stmt" count="0"/>
      <line num="118" type="stmt" count="0"/>
      <line num="121" type="stmt" count="0"/>
      <line num="122" type="stmt" count="0"/>
      <line num="127" type="method" name="buildAuthUrl" visibility="public" complexity="2" crap="2" count="3"/>
      <line num="130" type="stmt" count="3"/>
      <line num="132" type="stmt" count="3"/>
      <line num="133" type="stmt" count="3"/>
      <line num="134" type="stmt" count="3"/>
      <line num="135" type="stmt" count="3"/>
      <line num="163" type="method" name="getScriptTags" visibility="public" complexity="1" crap="1" count="4"/>
      <line num="166" type="stmt" count="4"/>
      <line num="168" type="stmt" count="4"/>
      <line num="175" type="stmt" count="4"/>
      <line num="176" type="stmt" count="4"/>
      <line num="177" type="stmt" count="4"/>
      <line num="181" type="stmt" count="4"/>
      <line num="188" type="method" name="createScriptTag" visibility="public" complexity="1" crap="1" count="2"/>
      <line num="191" type="stmt" count="2"/>
      <line num="192" type="stmt" count="2"/>
      <line num="193" type="stmt" count="2"/>
      <line num="194" type="stmt" count="2"/>
      <line num="197" type="stmt" count="2"/>
      <line num="204" type="method" name="deleteScriptTag" visibility="public" complexity="1" crap="1" count="2"/>
      <line num="207" type="stmt" count="2"/>
      <line num="208" type="stmt" count="2"/>
      <line num="209" type="stmt" count="2"/>
      <line num="212" type="stmt" count="2"/>
      <line num="219" type="method" name="getCharge" visibility="public" complexity="1" crap="2" count="0"/>
      <line num="222" type="stmt" count="0"/>
      <line num="225" type="stmt" count="0"/>
      <line num="226" type="stmt" count="0"/>
      <line num="227" type="stmt" count="0"/>
      <line num="230" type="stmt" count="0"/>
      <line num="237" type="method" name="activateCharge" visibility="public" complexity="1" crap="1" count="1"/>
      <line num="240" type="stmt" count="1"/>
      <line num="243" type="stmt" count="1"/>
      <line num="244" type="stmt" count="1"/>
      <line num="245" type="stmt" count="1"/>
      <line num="248" type="stmt" count="1"/>
      <line num="255" type="method" name="createCharge" visibility="public" complexity="1" crap="1" count="1"/>
      <line num="258" type="stmt" count="1"/>
      <line num="261" type="stmt" count="1"/>
      <line num="262" type="stmt" count="1"/>
      <line num="263" type="stmt" count="1"/>
      <line num="264" type="stmt" count="1"/>
      <line num="267" type="stmt" count="1"/>
      <line num="274" type="method" name="createChargeGraphQL" visibility="public" complexity="1" crap="1" count="1"/>
      <line num="276" type="stmt" count="1"/>
      <line num="303" type="stmt" count="1"/>
      <line num="304" type="stmt" count="1"/>
      <line num="305" type="stmt" count="1"/>
      <line num="306" type="stmt" count="1"/>
      <line num="312" type="stmt" count="1"/>
      <line num="313" type="stmt" count="1"/>
      <line num="315" type="stmt" count="1"/>
      <line num="322" type="stmt" count="1"/>
      <line num="324" type="stmt" count="1"/>
      <line num="331" type="method" name="getWebhooks" visibility="public" complexity="1" crap="1" count="4"/>
      <line num="334" type="stmt" count="4"/>
      <line num="336" type="stmt" count="4"/>
      <line num="343" type="stmt" count="4"/>
      <line num="344" type="stmt" count="4"/>
      <line num="345" type="stmt" count="4"/>
      <line num="349" type="stmt" count="4"/>
      <line num="356" type="method" name="createWebhook" visibility="public" complexity="1" crap="1" count="1"/>
      <line num="359" type="stmt" count="1"/>
      <line num="360" type="stmt" count="1"/>
      <line num="361" type="stmt" count="1"/>
      <line num="362" type="stmt" count="1"/>
      <line num="365" type="stmt" count="1"/>
      <line num="372" type="method" name="deleteWebhook" visibility="public" complexity="1" crap="1" count="2"/>
      <line num="375" type="stmt" count="2"/>
      <line num="376" type="stmt" count="2"/>
      <line num="377" type="stmt" count="2"/>
      <line num="380" type="stmt" count="2"/>
      <line num="387" type="method" name="createUsageCharge" visibility="public" complexity="3" crap="3" count="2"/>
      <line num="390" type="stmt" count="2"/>
      <line num="391" type="stmt" count="2"/>
      <line num="392" type="stmt" count="2"/>
      <line num="395" type="stmt" count="2"/>
      <line num="396" type="stmt" count="2"/>
      <line num="401" type="stmt" count="2"/>
      <line num="402" type="stmt" count="2"/>
      <line num="412" type="method" name="chargeApiPath" visibility="protected" complexity="3" crap="4.12" count="2"/>
      <line num="415" type="stmt" count="2"/>
      <line num="416" type="stmt" count="2"/>
      <line num="417" type="stmt" count="0"/>
      <line num="418" type="stmt" count="0"/>
      <line num="420" type="stmt" count="0"/>
      <line num="423" type="stmt" count="2"/>
      <line num="437" type="method" name="doRequest" visibility="protected" complexity="3" crap="4.68" count="12"/>
      <line num="439" type="stmt" count="12"/>
      <line num="440" type="stmt" count="12"/>
      <line num="442" type="stmt" count="0"/>
      <line num="443" type="stmt" count="0"/>
      <line num="444" type="stmt" count="0"/>
      <line num="445" type="stmt" count="0"/>
      <line num="449" type="stmt" count="12"/>
      <line num="462" type="method" name="doRequestGraphQL" visibility="protected" complexity="3" crap="4.12" count="1"/>
      <line num="464" type="stmt" count="1"/>
      <line num="465" type="stmt" count="1"/>
      <line num="466" type="stmt" count="0"/>
      <line num="467" type="stmt" count="0"/>
      <line num="470" type="stmt" count="0"/>
      <line num="473" type="stmt" count="1"/>
      <line num="483" type="method" name="getShopDomain" visibility="private" complexity="5" crap="5" count="24"/>
      <line num="486" type="stmt" count="24"/>
      <line num="487" type="stmt" count="20"/>
      <line num="492" type="stmt" count="6"/>
      <line num="493" type="stmt" count="6"/>
      <line num="494" type="stmt" count="6"/>
      <line num="496" type="stmt" count="6"/>
      <line num="497" type="stmt" count="4"/>
      <line num="498" type="stmt" count="6"/>
      <line num="500" type="stmt" count="6"/>
      <line num="501" type="stmt" count="4"/>
      <line num="502" type="stmt" count="4"/>
      <line num="504" type="stmt" count="4"/>
      <line num="505" type="stmt" count="6"/>
      <line num="507" type="stmt" count="6"/>
      <line num="508" type="stmt" count="6"/>
      <line num="509" type="stmt" count="6"/>
      <line num="510" type="stmt" count="2"/>
      <line num="514" type="stmt" count="4"/>
      <metrics loc="516" ncloc="398" classes="1" methods="20" coveredmethods="13" conditionals="0" coveredconditionals="0" statements="133" coveredstatements="110" elements="153" coveredelements="123"/>
    </file>
    <file name="/home/tyler/Development/Github/laravel-shopify/src/ShopifyApp/Services/ChargeHelper.php">
      <class name="Osiset\ShopifyApp\Services\ChargeHelper" namespace="global">
        <metrics complexity="34" methods="16" coveredmethods="6" conditionals="0" coveredconditionals="0" statements="69" coveredstatements="37" elements="85" coveredelements="43"/>
      </class>
      <line num="45" type="method" name="__construct" visibility="public" complexity="1" crap="1" count="10"/>
      <line num="47" type="stmt" count="10"/>
      <line num="48" type="stmt" count="10"/>
      <line num="57" type="method" name="useCharge" visibility="public" complexity="1" crap="1" count="2"/>
      <line num="60" type="stmt" count="2"/>
      <line num="62" type="stmt" count="2"/>
      <line num="70" type="method" name="getCharge" visibility="public" complexity="1" crap="1" count="2"/>
      <line num="72" type="stmt" count="2"/>
      <line num="82" type="method" name="retrieve" visibility="public" complexity="1" crap="2" count="0"/>
      <line num="84" type="stmt" count="0"/>
      <line num="85" type="stmt" count="0"/>
      <line num="86" type="stmt" count="0"/>
      <line num="95" type="method" name="isActiveTrial" visibility="public" complexity="2" crap="6" count="0"/>
      <line num="97" type="stmt" count="0"/>
      <line num="98" type="stmt" count="0"/>
      <line num="106" type="method" name="remainingTrialDays" visibility="public" complexity="3" crap="12" count="0"/>
      <line num="108" type="stmt" count="0"/>
      <line num="109" type="stmt" count="0"/>
      <line num="112" type="stmt" count="0"/>
      <line num="113" type="stmt" count="0"/>
      <line num="114" type="stmt" count="0"/>
      <line num="122" type="method" name="remainingTrialDaysFromCancel" visibility="public" complexity="4" crap="20" count="0"/>
      <line num="124" type="stmt" count="0"/>
      <line num="125" type="stmt" count="0"/>
      <line num="128" type="stmt" count="0"/>
      <line num="129" type="stmt" count="0"/>
      <line num="132" type="stmt" count="0"/>
      <line num="134" type="stmt" count="0"/>
      <line num="137" type="stmt" count="0"/>
      <line num="145" type="method" name="periodBeginDate" visibility="public" complexity="1" crap="1" count="1"/>
      <line num="147" type="stmt" count="1"/>
      <line num="148" type="stmt" count="1"/>
      <line num="150" type="stmt" count="1"/>
      <line num="158" type="method" name="periodEndDate" visibility="public" complexity="1" crap="2" count="0"/>
      <line num="160" type="stmt" count="0"/>
      <line num="168" type="method" name="remainingDaysForPeriod" visibility="public" complexity="4" crap="4.13" count="1"/>
      <line num="170" type="stmt" count="1"/>
      <line num="171" type="stmt" count="1"/>
[...]
      <line num="105" type="stmt" count="3"/>
      <line num="113" type="method" name="isOnInstall" visibility="public" complexity="1" crap="2" count="0"/>
      <line num="115" type="stmt" count="0"/>
      <line num="123" type="method" name="isTest" visibility="public" complexity="1" crap="1" count="3"/>
      <line num="125" type="stmt" count="3"/>
      <metrics loc="127" ncloc="70" classes="1" methods="9" coveredmethods="6" conditionals="0" coveredconditionals="0" statements="12" coveredstatements="6" elements="21" coveredelements="12"/>
    </file>
    <file name="/home/tyler/Development/Github/laravel-shopify/src/ShopifyApp/Storage/Observers/Shop.php">
      <class name="Osiset\ShopifyApp\Storage\Observers\Shop" namespace="global">
        <metrics complexity="6" methods="2" coveredmethods="1" conditionals="0" coveredconditionals="0" statements="9" coveredstatements="7" elements="11" coveredelements="8"/>
      </class>
      <line num="28" type="method" name="__construct" visibility="public" complexity="1" crap="1" count="54"/>
      <line num="30" type="stmt" count="54"/>
      <line num="31" type="stmt" count="54"/>
      <line num="41" type="method" name="creating" visibility="public" complexity="5" crap="5.58" count="43"/>
      <line num="43" type="stmt" count="43"/>
      <line num="44" type="stmt" count="43"/>
      <line num="46" type="stmt" count="43"/>
      <line num="48" type="stmt" count="0"/>
      <line num="51" type="stmt" count="43"/>
      <line num="53" type="stmt" count="0"/>
      <line num="55" type="stmt" count="43"/>
      <metrics loc="56" ncloc="33" classes="1" methods="2" coveredmethods="1" conditionals="0" coveredconditionals="0" statements="9" coveredstatements="7" elements="11" coveredelements="8"/>
    </file>
    <file name="/home/tyler/Development/Github/laravel-shopify/src/ShopifyApp/Storage/Queries/Charge.php">
      <class name="Osiset\ShopifyApp\Storage\Queries\Charge" namespace="global">
        <metrics complexity="3" methods="3" coveredmethods="2" conditionals="0" coveredconditionals="0" statements="13" coveredstatements="9" elements="16" coveredelements="11"/>
      </class>
      <line num="19" type="method" name="getById" visibility="public" complexity="1" crap="2" count="0"/>
      <line num="21" type="stmt" count="0"/>
      <line num="22" type="stmt" count="0"/>
      <line num="23" type="stmt" count="0"/>
      <line num="24" type="stmt" count="0"/>
      <line num="30" type="method" name="getByReference" visibility="public" complexity="1" crap="1" count="3"/>
      <line num="32" type="stmt" count="3"/>
      <line num="33" type="stmt" count="3"/>
      <line num="34" type="stmt" count="3"/>
      <line num="35" type="stmt" count="3"/>
      <line num="36" type="stmt" count="3"/>
      <line num="42" type="method" name="getByReferenceAndShopId" visibility="public" complexity="1" crap="1" count="1"/>
      <line num="45" type="stmt" count="1"/>
      <line num="46" type="stmt" count="1"/>
      <line num="47" type="stmt" count="1"/>
      <line num="48" type="stmt" count="1"/>
      <metrics loc="50" ncloc="38" classes="1" methods="3" coveredmethods="2" conditionals="0" coveredconditionals="0" statements="13" coveredstatements="9" elements="16" coveredelements="11"/>
    </file>
    <file name="/home/tyler/Development/Github/laravel-shopify/src/ShopifyApp/Storage/Queries/Plan.php">
      <class name="Osiset\ShopifyApp\Storage\Queries\Plan" namespace="global">
        <metrics complexity="3" methods="3" coveredmethods="2" conditionals="0" coveredconditionals="0" statements="10" coveredstatements="8" elements="13" coveredelements="10"/>
      </class>
      <line num="18" type="method" name="getById" visibility="public" complexity="1" crap="1" count="1"/>
      <line num="20" type="stmt" count="1"/>
      <line num="21" type="stmt" count="1"/>
      <line num="22" type="stmt" count="1"/>
      <line num="23" type="stmt" count="1"/>
      <line num="29" type="method" name="getDefault" visibility="public" complexity="1" crap="1" count="2"/>
      <line num="31" type="stmt" count="2"/>
      <line num="32" type="stmt" count="2"/>
      <line num="33" type="stmt" count="2"/>
      <line num="34" type="stmt" count="2"/>
      <line num="40" type="method" name="getAll" visibility="public" complexity="1" crap="2" count="0"/>
      <line num="42" type="stmt" count="0"/>
      <line num="43" type="stmt" count="0"/>
      <metrics loc="45" ncloc="33" classes="1" methods="3" coveredmethods="2" conditionals="0" coveredconditionals="0" statements="10" coveredstatements="8" elements="13" coveredelements="10"/>
    </file>
    <file name="/home/tyler/Development/Github/laravel-shopify/src/ShopifyApp/Storage/Queries/Shop.php">
      <class name="Osiset\ShopifyApp\Storage\Queries\Shop" namespace="global">
        <metrics complexity="6" methods="4" coveredmethods="2" conditionals="0" coveredconditionals="0" statements="14" coveredstatements="11" elements="18" coveredelements="13"/>
      </class>
      <line num="29" type="method" name="__construct" visibility="public" complexity="1" crap="1" count="54"/>
      <line num="31" type="stmt" count="54"/>
      <line num="32" type="stmt" count="54"/>
      <line num="37" type="method" name="getByID" visibility="public" complexity="2" crap="2.03" count="27"/>
      <line num="39" type="stmt" count="27"/>
      <line num="40" type="stmt" count="27"/>
      <line num="41" type="stmt" count="0"/>
      <line num="45" type="stmt" count="27"/>
      <line num="46" type="stmt" count="27"/>
      <line num="52" type="method" name="getByDomain" visibility="public" complexity="2" crap="2" count="11"/>
      <line num="54" type="stmt" count="11"/>
      <line num="55" type="stmt" count="11"/>
      <line num="56" type="stmt" count="9"/>
      <line num="60" type="stmt" count="11"/>
      <line num="61" type="stmt" count="11"/>
      <line num="67" type="method" name="getAll" visibility="public" complexity="1" crap="2" count="0"/>
      <line num="69" type="stmt" count="0"/>
      <line num="70" type="stmt" count="0"/>
      <metrics loc="72" ncloc="50" classes="1" methods="4" coveredmethods="2" conditionals="0" coveredconditionals="0" statements="14" coveredstatements="11" elements="18" coveredelements="13"/>
    </file>
    <file name="/home/tyler/Development/Github/laravel-shopify/src/ShopifyApp/Storage/Scopes/Namespacing.php">
      <class name="Osiset\ShopifyApp\Storage\Scopes\Namespacing" namespace="global">
        <metrics complexity="1" methods="1" coveredmethods="1" conditionals="0" coveredconditionals="0" statements="2" coveredstatements="2" elements="3" coveredelements="3"/>
      </class>
      <line num="23" type="method" name="apply" visibility="public" complexity="1" crap="1" count="34"/>
      <line num="25" type="stmt" count="34"/>
      <line num="26" type="stmt" count="34"/>
      <metrics loc="27" ncloc="16" classes="1" methods="1" coveredmethods="1" conditionals="0" coveredconditionals="0" statements="2" coveredstatements="2" elements="3" coveredelements="3"/>
    </file>
    <file name="/home/tyler/Development/Github/laravel-shopify/src/ShopifyApp/Traits/ApiController.php">
      <class name="Osiset\ShopifyApp\Traits\ApiController" namespace="global">
        <metrics complexity="3" methods="3" coveredmethods="0" conditionals="0" coveredconditionals="0" statements="3" coveredstatements="0" elements="6" coveredelements="0"/>
      </class>
      <line num="19" type="method" name="index" visibility="public" complexity="1" crap="2" count="0"/>
      <line num="21" type="stmt" count="0"/>
      <line num="29" type="method" name="getSelf" visibility="public" complexity="1" crap="2" count="0"/>
      <line num="31" type="stmt" count="0"/>
      <line num="44" type="method" name="getPlans" visibility="public" complexity="1" crap="2" count="0"/>
      <line num="46" type="stmt" count="0"/>
      <metrics loc="48" ncloc="30" classes="1" methods="3" coveredmethods="0" conditionals="0" coveredconditionals="0" statements="3" coveredstatements="0" elements="6" coveredelements="0"/>
    </file>
    <file name="/home/tyler/Development/Github/laravel-shopify/src/ShopifyApp/Traits/AuthController.php">
      <class name="Osiset\ShopifyApp\Traits\AuthController" namespace="global">
        <metrics complexity="8" methods="2" coveredmethods="0" conditionals="0" coveredconditionals="0" statements="24" coveredstatements="0" elements="26" coveredelements="0"/>
      </class>
      <line num="28" type="method" name="authenticate" visibility="public" complexity="6" crap="42" count="0"/>
      <line num="31" type="stmt" count="0"/>
      <line num="33" type="stmt" count="0"/>
      <line num="34" type="stmt" count="0"/>
      <line num="35" type="stmt" count="0"/>
      <line num="36" type="stmt" count="0"/>
      <line num="40" type="stmt" count="0"/>
      <line num="42" type="stmt" count="0"/>
      <line num="44" type="stmt" count="0"/>
      <line num="45" type="stmt" count="0"/>
      <line num="46" type="stmt" count="0"/>
      <line num="47" type="stmt" count="0"/>
      <line num="50" type="stmt" count="0"/>
      <line num="57" type="stmt" count="0"/>
      <line num="59" type="stmt" count="0"/>
      <line num="71" type="method" name="token" visibility="public" complexity="2" crap="6" count="0"/>
      <line num="73" type="stmt" count="0"/>
      <line num="74" type="stmt" count="0"/>
      <line num="75" type="stmt" count="0"/>
      <line num="76" type="stmt" count="0"/>
      <line num="78" type="stmt" count="0"/>
      <line num="79" type="stmt" count="0"/>
      <line num="81" type="stmt" count="0"/>
      <line num="82" type="stmt" count="0"/>
      <line num="84" type="stmt" count="0"/>
      <line num="87" type="stmt" count="0"/>
      <metrics loc="95" ncloc="82" classes="1" methods="2" coveredmethods="0" conditionals="0" coveredconditionals="0" statements="24" coveredstatements="0" elements="26" coveredelements="0"/>
    </file>
    <file name="/home/tyler/Development/Github/laravel-shopify/src/ShopifyApp/Traits/BillingController.php">
      <class name="Osiset\ShopifyApp\Traits\BillingController" namespace="global">
        <metrics complexity="5" methods="3" coveredmethods="0" conditionals="0" coveredconditionals="0" statements="11" coveredstatements="0" elements="14" coveredelements="0"/>
      </class>
      <line num="34" type="method" name="index" visibility="public" complexity="1" crap="2" count="0"/>
      <line num="37" type="stmt" count="0"/>
      <line num="40" type="stmt" count="0"/>
      <line num="46" type="stmt" count="0"/>
      <line num="61" type="method" name="process" visibility="public" complexity="2" crap="6" count="0"/>
      <line num="67" type="stmt" count="0"/>
      <line num="74" type="stmt" count="0"/>
      <line num="90" type="method" name="usageCharge" visibility="public" complexity="2" crap="6" count="0"/>
      <line num="92" type="stmt" count="0"/>
      <line num="95" type="stmt" count="0"/>
      <line num="96" type="stmt" count="0"/>
      <line num="97" type="stmt" count="0"/>
      <line num="100" type="stmt" count="0"/>
      <line num="103" type="stmt" count="0"/>
      <metrics loc="107" ncloc="79" classes="1" methods="3" coveredmethods="0" conditionals="0" coveredconditionals="0" statements="11" coveredstatements="0" elements="14" coveredelements="0"/>
    </file>
    <file name="/home/tyler/Development/Github/laravel-shopify/src/ShopifyApp/Traits/HomeController.php">
      <class name="Osiset\ShopifyApp\Traits\HomeController" namespace="global">
        <metrics complexity="1" methods="1" coveredmethods="0" conditionals="0" coveredconditionals="0" statements="1" coveredstatements="0" elements="2" coveredelements="0"/>
      </class>
      <line num="21" type="method" name="index" visibility="public" complexity="1" crap="2" count="0"/>
      <line num="23" type="stmt" count="0"/>
      <metrics loc="28" ncloc="18" classes="1" methods="1" coveredmethods="0" conditionals="0" coveredconditionals="0" statements="1" coveredstatements="0" elements="2" coveredelements="0"/>
    </file>
    <file name="/home/tyler/Development/Github/laravel-shopify/src/ShopifyApp/Traits/ShopAccessible.php">
      <class name="Osiset\ShopifyApp\Traits\ShopAccessible" namespace="global">
        <metrics complexity="1" methods="1" coveredmethods="0" conditionals="0" coveredconditionals="0" statements="2" coveredstatements="0" elements="3" coveredelements="0"/>
      </class>
      <line num="26" type="method" name="setShop" visibility="public" complexity="1" crap="2" count="0"/>
      <line num="28" type="stmt" count="0"/>
      <line num="30" type="stmt" count="0"/>
      <metrics loc="32" ncloc="17" classes="1" methods="1" coveredmethods="0" conditionals="0" coveredconditionals="0" statements="2" coveredstatements="0" elements="3" coveredelements="0"/>
    </file>
    <file name="/home/tyler/Development/Github/laravel-shopify/src/ShopifyApp/Traits/ShopModel.php">
      <class name="Osiset\ShopifyApp\Traits\ShopModel" namespace="global">
        <metrics complexity="17" methods="14" coveredmethods="10" conditionals="0" coveredconditionals="0" statements="23" coveredstatements="16" elements="37" coveredelements="26"/>
      </class>
      <line num="50" type="method" name="bootShopModel" visibility="protected" complexity="1" crap="1" count="54"/>
      <line num="52" type="stmt" count="54"/>
      <line num="53" type="stmt" count="54"/>
      <line num="58" type="method" name="getId" visibility="public" complexity="1" crap="1" count="33"/>
      <line num="60" type="stmt" count="33"/>
      <line num="66" type="method" name="getDomain" visibility="public" complexity="1" crap="1" count="20"/>
      <line num="68" type="stmt" count="20"/>
      <line num="74" type="method" name="getAccessToken" visibility="public" complexity="1" crap="1" count="20"/>
      <line num="76" type="stmt" count="20"/>
      <line num="82" type="method" name="charges" visibility="public" complexity="1" crap="1" count="5"/>
      <line num="84" type="stmt" count="5"/>
      <line num="90" type="method" name="hasCharges" visibility="public" complexity="1" crap="2" count="0"/>
      <line num="92" type="stmt" count="0"/>
      <line num="98" type="method" name="plan" visibility="public" complexity="1" crap="1" count="8"/>
      <line num="100" type="stmt" count="8"/>
      <line num="106" type="method" name="isGrandfathered" visibility="public" complexity="1" crap="1" count="3"/>
      <line num="108" type="stmt" count="3"/>
      <line num="114" type="method" name="isFreemium" visibility="public" complexity="1" crap="1" count="4"/>
      <line num="116" type="stmt" count="4"/>
      <line num="122" type="method" name="hasOfflineAccess" visibility="public" complexity="2" crap="2" count="7"/>
      <line num="124" type="stmt" count="7"/>
      <line num="130" type="method" name="setSessionContext" visibility="public" complexity="1" crap="2" count="0"/>
      <line num="132" type="stmt" count="0"/>
      <line num="133" type="stmt" count="0"/>
      <line num="138" type="method" name="getSessionContext" visibility="public" complexity="1" crap="2" count="0"/>
      <line num="140" type="stmt" count="0"/>
      <line num="146" type="method" name="apiHelper" visibility="public" complexity="2" crap="2" count="20"/>
      <line num="148" type="stmt" count="20"/>
      <line num="150" type="stmt" count="20"/>
      <line num="151" type="stmt" count="20"/>
      <line num="152" type="stmt" count="20"/>
      <line num="154" type="stmt" count="20"/>
      <line num="157" type="stmt" count="20"/>
      <line num="163" type="method" name="api" visibility="public" complexity="2" crap="6" count="0"/>
      <line num="165" type="stmt" count="0"/>
      <line num="166" type="stmt" count="0"/>
      <line num="169" type="stmt" count="0"/>
      <metrics loc="171" ncloc="112" classes="1" methods="14" coveredmethods="10" conditionals="0" coveredconditionals="0" statements="23" coveredstatements="16" elements="37" coveredelements="26"/>
    </file>
    <file name="/home/tyler/Development/Github/laravel-shopify/src/ShopifyApp/Traits/WebhookController.php">
      <class name="Osiset\ShopifyApp\Traits\WebhookController" namespace="global">
        <metrics complexity="1" methods="1" coveredmethods="0" conditionals="0" coveredconditionals="0" statements="4" coveredstatements="0" elements="5" coveredelements="0"/>
      </class>
      <line num="23" type="method" name="handle" visibility="public" complexity="1" crap="2" count="0"/>
      <line num="26" type="stmt" count="0"/>
      <line num="27" type="stmt" count="0"/>
      <line num="29" type="stmt" count="0"/>
      <line num="34" type="stmt" count="0"/>
      <metrics loc="36" ncloc="25" classes="1" methods="1" coveredmethods="0" conditionals="0" coveredconditionals="0" statements="4" coveredstatements="0" elements="5" coveredelements="0"/>
    </file>
    <file name="/home/tyler/Development/Github/laravel-shopify/src/ShopifyApp/helpers.php">
      <line num="22" type="stmt" count="8"/>
      <line num="23" type="stmt" count="8"/>
      <line num="24" type="stmt" count="8"/>
      <line num="25" type="stmt" count="8"/>
      <line num="26" type="stmt" count="8"/>
      <line num="28" type="stmt" count="8"/>
      <line num="30" type="stmt" count="5"/>
      <line num="31" type="stmt" count="5"/>
      <line num="32" type="stmt" count="5"/>
      <line num="33" type="stmt" count="5"/>
      <line num="35" type="stmt" count="5"/>
      <line num="36" type="stmt" count="5"/>
      <line num="42" type="stmt" count="8"/>
      <line num="45" type="stmt" count="8"/>
      <line num="46" type="stmt" count="8"/>
      <line num="63" type="stmt" count="4"/>
      <line num="64" type="stmt" count="4"/>
      <line num="66" type="stmt" count="4"/>
      <line num="67" type="stmt" count="4"/>
      <line num="69" type="stmt" count="4"/>
      <line num="70" type="stmt" count="4"/>
      <line num="71" type="stmt" count="0"/>
      <line num="74" type="stmt" count="4"/>
      <line num="76" type="stmt" count="4"/>
      <line num="77" type="stmt" count="4"/>
      <line num="79" type="stmt" count="4"/>
      <line num="80" type="stmt" count="4"/>
      <line num="82" type="stmt" count="4"/>
      <line num="83" type="stmt" count="0"/>
      <line num="85" type="stmt" count="4"/>
      <line num="88" type="stmt" count="4"/>
      <line num="92" type="stmt" count="4"/>
      <line num="106" type="stmt" count="0"/>
      <line num="122" type="stmt" count="0"/>
      <line num="135" type="stmt" count="54"/>
      <line num="136" type="stmt" count="54"/>
      <line num="139" type="stmt" count="1"/>
      <line num="140" type="stmt" count="1"/>
      <line num="143" type="stmt" count="1"/>
      <line num="158" type="stmt" count="54"/>
      <line num="159" type="stmt" count="54"/>
      <line num="160" type="stmt" count="54"/>
      <line num="163" type="stmt" count="54"/>
      <line num="168" type="stmt" count="54"/>
      <line num="169" type="stmt" count="54"/>
      <line num="170" type="stmt" count="54"/>
      <line num="175" type="stmt" count="54"/>
      <line num="176" type="stmt" count="54"/>
      <line num="177" type="stmt" count="54"/>
      <line num="179" type="stmt" count="1"/>
      <line num="180" type="stmt" count="1"/>
      <line num="186" type="stmt" count="54"/>
      <metrics loc="187" ncloc="129" classes="0" methods="0" coveredmethods="0" conditionals="0" coveredconditionals="0" statements="52" coveredstatements="48" elements="52" coveredelements="48"/>
    </file>
    <metrics files="73" loc="6113" ncloc="4012" classes="56" methods="216" coveredmethods="111" conditionals="0" coveredconditionals="0" statements="1086" coveredstatements="722" elements="1302" coveredelements="833"/>
  </project>
</coverage>
